Log file open, 08/04/22 10:52:19
LogWindows: Failed to load 'aqProf.dll' (GetLastError=126)
LogWindows: File 'aqProf.dll' does not exist
LogWindows: Failed to load 'VtuneApi.dll' (GetLastError=126)
LogWindows: File 'VtuneApi.dll' does not exist
LogWindows: Failed to load 'VtuneApi32e.dll' (GetLastError=126)
LogWindows: File 'VtuneApi32e.dll' does not exist
LogConsoleResponse: Display: Failed to find resolution value strings in scalability ini. Falling back to default.
LogConsoleResponse: Display: Failed to find resolution value strings in scalability ini. Falling back to default.
LogInit: Display: Running engine for game: gizlilikoyunu
LogPlatformFile: Not using cached read wrapper
LogTaskGraph: Started task graph with 5 named threads and 35 total threads with 3 sets of task threads.
LogStats: Stats thread started at 0.308519
LogICUInternationalization: ICU TimeZone Detection - Raw Offset: +3:00, Platform Override: ''
LogInit: Display: Loading text-based GConfig....
LogPluginManager: Mounting plugin MeshPainting
LogPluginManager: Mounting plugin XGEController
LogPluginManager: Mounting plugin AISupport
LogPluginManager: Mounting plugin Paper2D
LogPluginManager: Mounting plugin EnvironmentQueryEditor
LogPluginManager: Mounting plugin LiveLink
LogPluginManager: Mounting plugin LightPropagationVolume
LogPluginManager: Mounting plugin OodleData
LogPluginManager: Mounting plugin AssetManagerEditor
LogPluginManager: Mounting plugin OodleNetwork
LogPluginManager: Mounting plugin CurveEditorTools
LogPluginManager: Mounting plugin CryptoKeys
LogPluginManager: Mounting plugin DataValidation
LogPluginManager: Mounting plugin GameplayTagsEditor
LogPluginManager: Mounting plugin MacGraphicsSwitching
LogPluginManager: Mounting plugin GeometryMode
LogPluginManager: Mounting plugin FacialAnimation
LogPluginManager: Mounting plugin MaterialAnalyzer
LogPluginManager: Mounting plugin PluginBrowser
LogPluginManager: Mounting plugin SpeedTreeImporter
LogPluginManager: Mounting plugin StylusInput
LogPluginManager: Mounting plugin DatasmithContent
LogPluginManager: Mounting plugin MobileLauncherProfileWizard
LogPluginManager: Mounting plugin VariantManagerContent
LogPluginManager: Mounting plugin AlembicImporter
LogPluginManager: Mounting plugin AutomationUtils
LogPluginManager: Mounting plugin BackChannel
LogPluginManager: Mounting plugin ChaosCloth
LogPluginManager: Mounting plugin ChaosClothEditor
LogPluginManager: Mounting plugin ChaosEditor
LogPluginManager: Mounting plugin ChaosSolverPlugin
LogPluginManager: Mounting plugin ChaosNiagara
LogPluginManager: Mounting plugin AnimationSharing
LogPluginManager: Mounting plugin CLionSourceCodeAccess
LogPluginManager: Mounting plugin LuminPlatformFeatures
LogPluginManager: Mounting plugin MagicLeap
LogPluginManager: Mounting plugin MagicLeapLightEstimation
LogPluginManager: Mounting plugin MagicLeapMedia
LogPluginManager: Mounting plugin MagicLeapPassableWorld
LogPluginManager: Mounting plugin MLSDK
LogPluginManager: Mounting plugin AndroidMedia
LogPluginManager: Mounting plugin AvfMedia
LogPluginManager: Mounting plugin MediaCompositing
LogPluginManager: Mounting plugin MediaPlayerEditor
LogPluginManager: Mounting plugin CharacterAI
LogPluginManager: Mounting plugin WebMMedia
LogPluginManager: Mounting plugin WmfMedia
LogPluginManager: Mounting plugin ImgMedia
LogPluginManager: Mounting plugin GeometryCache
LogPluginManager: Mounting plugin GeometryCollectionPlugin
LogPluginManager: Mounting plugin GeometryProcessing
LogPluginManager: Mounting plugin MeshModelingToolset
LogPluginManager: Mounting plugin ModelingToolsEditorMode
LogPluginManager: Mounting plugin MotoSynth
LogPluginManager: Mounting plugin OpenImageDenoise
LogPluginManager: Mounting plugin PlatformCrypto
LogPluginManager: Mounting plugin PlanarCut
LogPluginManager: Mounting plugin ProxyLODPlugin
LogPluginManager: Mounting plugin PythonScriptPlugin
LogPluginManager: Mounting plugin SkeletalReduction
LogPluginManager: Mounting plugin TcpMessaging
LogPluginManager: Mounting plugin UdpMessaging
LogPluginManager: Mounting plugin LauncherChunkInstaller
LogPluginManager: Mounting plugin OnlineSubsystem
LogPluginManager: Mounting plugin OnlineSubsystemNull
LogPluginManager: Mounting plugin OnlineSubsystemUtils
LogPluginManager: Mounting plugin ActorSequence
LogPluginManager: Mounting plugin LevelSequenceEditor
LogPluginManager: Mounting plugin TemplateSequence
LogPluginManager: Mounting plugin ScreenshotTools
LogPluginManager: Mounting plugin ActorLayerUtilities
LogPluginManager: Mounting plugin AndroidDeviceProfileSelector
LogPluginManager: Mounting plugin MatineeToLevelSequence
LogPluginManager: Mounting plugin AndroidMoviePlayer
LogPluginManager: Mounting plugin AndroidPermission
LogPluginManager: Mounting plugin AppleImageUtils
LogPluginManager: Mounting plugin AppleMoviePlayer
LogPluginManager: Mounting plugin ArchVisCharacter
LogPluginManager: Mounting plugin AssetTags
LogPluginManager: Mounting plugin AudioCapture
LogPluginManager: Mounting plugin AudioSynesthesia
LogPluginManager: Mounting plugin CableComponent
LogPluginManager: Mounting plugin ChunkDownloader
LogPluginManager: Mounting plugin CustomMeshComponent
LogPluginManager: Mounting plugin EditableMesh
LogPluginManager: Mounting plugin ExampleDeviceProfileSelector
LogPluginManager: Mounting plugin GoogleCloudMessaging
LogPluginManager: Mounting plugin GooglePAD
LogPluginManager: Mounting plugin Takes
LogPluginManager: Mounting plugin HairStrands
LogPluginManager: Mounting plugin IOSDeviceProfileSelector
LogPluginManager: Mounting plugin LinuxDeviceProfileSelector
LogPluginManager: Mounting plugin LocationServicesBPLibrary
LogPluginManager: Mounting plugin OpenXR
LogPluginManager: Mounting plugin MobilePatchingUtils
LogPluginManager: Mounting plugin OpenXREyeTracker
LogPluginManager: Mounting plugin OpenXRHandTracking
LogPluginManager: Mounting plugin PhysXVehicles
LogPluginManager: Mounting plugin PostSplashScreen
LogPluginManager: Mounting plugin PropertyAccessEditor
LogPluginManager: Mounting plugin SignificanceManager
LogPluginManager: Mounting plugin SoundFields
LogPluginManager: Mounting plugin Synthesis
LogPluginManager: Mounting plugin WebMMoviePlayer
LogPluginManager: Mounting plugin WindowsMoviePlayer
LogPluginManager: Mounting plugin CodeLiteSourceCodeAccess
LogPluginManager: Mounting plugin Niagara
LogPluginManager: Mounting plugin GitSourceControl
LogPluginManager: Mounting plugin KDevelopSourceCodeAccess
LogPluginManager: Mounting plugin PerforceSourceControl
LogPluginManager: Mounting plugin NullSourceCodeAccess
LogPluginManager: Mounting plugin PixWinPlugin
LogPluginManager: Mounting plugin PluginUtils
LogPluginManager: Mounting plugin PlasticSourceControl
LogPluginManager: Mounting plugin PropertyAccessNode
LogPluginManager: Mounting plugin RiderSourceCodeAccess
LogPluginManager: Mounting plugin SubversionSourceControl
LogPluginManager: Mounting plugin TextureFormatOodle
LogPluginManager: Mounting plugin UObjectPlugin
LogPluginManager: Mounting plugin VisualStudioCodeSourceCodeAccess
LogPluginManager: Mounting plugin XCodeSourceCodeAccess
LogPluginManager: Mounting plugin VisualStudioSourceCodeAccess
LogPluginManager: Mounting plugin CameraShakePreviewer
LogPluginManager: Mounting plugin ProceduralMeshComponent
LogPluginManager: Mounting plugin GameplayCameras
LogPluginManager: Mounting plugin RuntimePhysXCooking
LogPluginManager: Mounting plugin ContentBrowserAssetDataSource
LogPluginManager: Mounting plugin ContentBrowserFileDataSource
LogPluginManager: Mounting plugin ContentBrowserClassDataSource
LogPluginManager: Mounting plugin OnlineSubsystemGooglePlay
LogPluginManager: Mounting plugin OnlineSubsystemIOS
LogPluginManager: Mounting plugin OculusVR
LogPluginManager: Mounting plugin SteamVR
LogInit: Using libcurl 7.55.1-DEV
LogInit:  - built for x86_64-pc-win32
LogInit:  - supports SSL with OpenSSL/1.1.1
LogInit:  - supports HTTP deflate (compression) using libz 1.2.8
LogInit:  - other features:
LogInit:      CURL_VERSION_SSL
LogInit:      CURL_VERSION_LIBZ
LogInit:      CURL_VERSION_IPV6
LogInit:      CURL_VERSION_ASYNCHDNS
LogInit:      CURL_VERSION_LARGEFILE
LogInit:      CURL_VERSION_IDN
LogInit:  CurlRequestOptions (configurable via config and command line):
LogInit:  - bVerifyPeer = true  - Libcurl will verify peer certificate
LogInit:  - bUseHttpProxy = false  - Libcurl will NOT use HTTP proxy
LogInit:  - bDontReuseConnections = false  - Libcurl will reuse connections
LogInit:  - MaxHostConnections = 16  - Libcurl will limit the number of connections to a host
LogInit:  - LocalHostAddr = Default
LogInit:  - BufferSize = 65536
LogOnline: OSS: Creating online subsystem instance for: NULL
LogInit: WinSock: version 1.1 (2.2), MaxSocks=32767, MaxUdp=65467
LogOnline: OSS: TryLoadSubsystemAndSetDefault: Loaded subsystem for module [NULL]
PixWinPlugin: PIX capture plugin failed to initialize! Check that the process is launched from PIX.
LogOculusPluginWrapper: OculusPlugin initialized successfully
LogHMD: Failed initializing OVRPlugin 1.59.0
LogInit: Build: ++UE4+Release-4.27-CL-18319896
LogInit: Engine Version: 4.27.2-18319896+++UE4+Release-4.27
LogInit: Compatible Engine Version: 4.27.0-17155196+++UE4+Release-4.27
LogInit: Net CL: 17155196
LogInit: OS: Windows 10 (Release 2004) (), CPU: Intel(R) Core(TM) i5-10400F CPU @ 2.90GHz, GPU: NVIDIA GeForce GT 1030
LogInit: Compiled (64-bit): Nov 30 2021 07:12:08
LogInit: Compiled with Visual C++: 19.24.28315.00
LogInit: Build Configuration: Development
LogInit: Branch Name: ++UE4+Release-4.27
LogInit: Command Line: 
LogInit: Base Directory: D:/Unreal Engine 4/UE_4.27/Engine/Binaries/Win64/
LogInit: Allocator: TBB
LogInit: Installed Engine Build: 1
LogDevObjectVersion: Number of dev versions registered: 29
LogDevObjectVersion:   Dev-Blueprints (B0D832E4-1F89-4F0D-ACCF-7EB736FD4AA2): 10
LogDevObjectVersion:   Dev-Build (E1C64328-A22C-4D53-A36C-8E866417BD8C): 0
LogDevObjectVersion:   Dev-Core (375EC13C-06E4-48FB-B500-84F0262A717E): 4
LogDevObjectVersion:   Dev-Editor (E4B068ED-F494-42E9-A231-DA0B2E46BB41): 40
LogDevObjectVersion:   Dev-Framework (CFFC743F-43B0-4480-9391-14DF171D2073): 37
LogDevObjectVersion:   Dev-Mobile (B02B49B5-BB20-44E9-A304-32B752E40360): 3
LogDevObjectVersion:   Dev-Networking (A4E4105C-59A1-49B5-A7C5-40C4547EDFEE): 0
LogDevObjectVersion:   Dev-Online (39C831C9-5AE6-47DC-9A44-9C173E1C8E7C): 0
LogDevObjectVersion:   Dev-Physics (78F01B33-EBEA-4F98-B9B4-84EACCB95AA2): 14
LogDevObjectVersion:   Dev-Platform (6631380F-2D4D-43E0-8009-CF276956A95A): 0
LogDevObjectVersion:   Dev-Rendering (12F88B9F-8875-4AFC-A67C-D90C383ABD29): 45
LogDevObjectVersion:   Dev-Sequencer (7B5AE74C-D270-4C10-A958-57980B212A5A): 13
LogDevObjectVersion:   Dev-VR (D7296918-1DD6-4BDD-9DE2-64A83CC13884): 3
LogDevObjectVersion:   Dev-LoadTimes (C2A15278-BFE7-4AFE-6C17-90FF531DF755): 1
LogDevObjectVersion:   Private-Geometry (6EACA3D4-40EC-4CC1-B786-8BED09428FC5): 3
LogDevObjectVersion:   Dev-AnimPhys (29E575DD-E0A3-4627-9D10-D276232CDCEA): 17
LogDevObjectVersion:   Dev-Anim (AF43A65D-7FD3-4947-9873-3E8ED9C1BB05): 15
LogDevObjectVersion:   Dev-ReflectionCapture (6B266CEC-1EC7-4B8F-A30B-E4D90942FC07): 1
LogDevObjectVersion:   Dev-Automation (0DF73D61-A23F-47EA-B727-89E90C41499A): 1
LogDevObjectVersion:   FortniteMain (601D1886-AC64-4F84-AA16-D3DE0DEAC7D6): 47
LogDevObjectVersion:   FortniteRelease (E7086368-6B23-4C58-8439-1B7016265E91): 1
LogDevObjectVersion:   Dev-Enterprise (9DFFBCD6-494F-0158-E221-12823C92A888): 10
LogDevObjectVersion:   Dev-Niagara (F2AED0AC-9AFE-416F-8664-AA7FFA26D6FC): 1
LogDevObjectVersion:   Dev-Destruction (174F1F0B-B4C6-45A5-B13F-2EE8D0FB917D): 10
LogDevObjectVersion:   Dev-Physics-Ext (35F94A83-E258-406C-A318-09F59610247C): 41
LogDevObjectVersion:   Dev-PhysicsMaterial-Chaos (B68FC16E-8B1B-42E2-B453-215C058844FE): 1
LogDevObjectVersion:   Dev-CineCamera (B2E18506-4273-CFC2-A54E-F4BB758BBA07): 1
LogDevObjectVersion:   Dev-VirtualProduction (64F58936-FD1B-42BA-BA96-7289D5D0FA4E): 1
LogDevObjectVersion:   Dev-MediaFramework (6F0ED827-A609-4895-9C91-998D90180EA4): 2
LogInit: Presizing for max 25165824 objects, including 0 objects not considered by GC, pre-allocating 0 bytes for permanent pool.
LogConfig: Applying CVar settings from Section [/Script/Engine.StreamingSettings] File [D:/Unreal Engine 4 Project/gizlilikoyunu/Saved/Config/Windows/Engine.ini]
LogConfig: Setting CVar [[s.MinBulkDataSizeForAsyncLoading:131072]]
LogConfig: Setting CVar [[s.AsyncLoadingThreadEnabled:0]]
LogConfig: Setting CVar [[s.EventDrivenLoaderEnabled:1]]
LogConfig: Setting CVar [[s.WarnIfTimeLimitExceeded:0]]
LogConfig: Setting CVar [[s.TimeLimitExceededMultiplier:1.5]]
LogConfig: Setting CVar [[s.TimeLimitExceededMinTime:0.005]]
LogConfig: Setting CVar [[s.UseBackgroundLevelStreaming:1]]
LogConfig: Setting CVar [[s.PriorityAsyncLoadingExtraTime:15.0]]
LogConfig: Setting CVar [[s.LevelStreamingActorsUpdateTimeLimit:5.0]]
LogConfig: Setting CVar [[s.PriorityLevelStreamingActorsUpdateExtraTime:5.0]]
LogConfig: Setting CVar [[s.LevelStreamingComponentsRegistrationGranularity:10]]
LogConfig: Setting CVar [[s.UnregisterComponentsTimeLimit:1.0]]
LogConfig: Setting CVar [[s.LevelStreamingComponentsUnregistrationGranularity:5]]
LogConfig: Setting CVar [[s.FlushStreamingOnExit:1]]
LogInit: Object subsystem initialized
LogConfig: Setting CVar [[con.DebugEarlyDefault:1]]
LogConfig: Setting CVar [[r.setres:1280x720]]
LogConfig: Setting CVar [[fx.NiagaraAllowRuntimeScalabilityChanges:1]]
[2022.08.04-07.52.20:639][  0]LogConfig: Setting CVar [[r.VSync:0]]
[2022.08.04-07.52.20:639][  0]LogConfig: Setting CVar [[r.RHICmdBypass:0]]
[2022.08.04-07.52.20:639][  0]LogConfig: Applying CVar settings from Section [/Script/Engine.RendererSettings] File [D:/Unreal Engine 4 Project/gizlilikoyunu/Saved/Config/Windows/Engine.ini]
[2022.08.04-07.52.20:639][  0]LogConfig: Setting CVar [[r.GPUCrashDebugging:0]]
[2022.08.04-07.52.20:639][  0]LogConfig: Setting CVar [[r.GenerateMeshDistanceFields:1]]
[2022.08.04-07.52.20:639][  0]LogConfig: Applying CVar settings from Section [/Script/Engine.RendererOverrideSettings] File [D:/Unreal Engine 4 Project/gizlilikoyunu/Saved/Config/Windows/Engine.ini]
[2022.08.04-07.52.20:639][  0]LogConfig: Applying CVar settings from Section [/Script/Engine.StreamingSettings] File [D:/Unreal Engine 4 Project/gizlilikoyunu/Saved/Config/Windows/Engine.ini]
[2022.08.04-07.52.20:639][  0]LogConfig: Setting CVar [[s.MinBulkDataSizeForAsyncLoading:131072]]
[2022.08.04-07.52.20:639][  0]LogConfig: Setting CVar [[s.AsyncLoadingThreadEnabled:0]]
[2022.08.04-07.52.20:639][  0]LogConfig: Setting CVar [[s.EventDrivenLoaderEnabled:1]]
[2022.08.04-07.52.20:639][  0]LogConfig: Setting CVar [[s.WarnIfTimeLimitExceeded:0]]
[2022.08.04-07.52.20:639][  0]LogConfig: Setting CVar [[s.TimeLimitExceededMultiplier:1.5]]
[2022.08.04-07.52.20:639][  0]LogConfig: Setting CVar [[s.TimeLimitExceededMinTime:0.005]]
[2022.08.04-07.52.20:639][  0]LogConfig: Setting CVar [[s.UseBackgroundLevelStreaming:1]]
[2022.08.04-07.52.20:639][  0]LogConfig: Setting CVar [[s.PriorityAsyncLoadingExtraTime:15.0]]
[2022.08.04-07.52.20:639][  0]LogConfig: Setting CVar [[s.LevelStreamingActorsUpdateTimeLimit:5.0]]
[2022.08.04-07.52.20:639][  0]LogConfig: Setting CVar [[s.PriorityLevelStreamingActorsUpdateExtraTime:5.0]]
[2022.08.04-07.52.20:639][  0]LogConfig: Setting CVar [[s.LevelStreamingComponentsRegistrationGranularity:10]]
[2022.08.04-07.52.20:639][  0]LogConfig: Setting CVar [[s.UnregisterComponentsTimeLimit:1.0]]
[2022.08.04-07.52.20:639][  0]LogConfig: Setting CVar [[s.LevelStreamingComponentsUnregistrationGranularity:5]]
[2022.08.04-07.52.20:639][  0]LogConfig: Setting CVar [[s.FlushStreamingOnExit:1]]
[2022.08.04-07.52.20:639][  0]LogConfig: Applying CVar settings from Section [/Script/Engine.GarbageCollectionSettings] File [D:/Unreal Engine 4 Project/gizlilikoyunu/Saved/Config/Windows/Engine.ini]
[2022.08.04-07.52.20:639][  0]LogConfig: Setting CVar [[gc.MaxObjectsNotConsideredByGC:1]]
[2022.08.04-07.52.20:639][  0]LogConfig: Setting CVar [[gc.SizeOfPermanentObjectPool:0]]
[2022.08.04-07.52.20:639][  0]LogConfig: Setting CVar [[gc.FlushStreamingOnGC:0]]
[2022.08.04-07.52.20:639][  0]LogConfig: Setting CVar [[gc.NumRetriesBeforeForcingGC:10]]
[2022.08.04-07.52.20:639][  0]LogConfig: Setting CVar [[gc.AllowParallelGC:1]]
[2022.08.04-07.52.20:639][  0]LogConfig: Setting CVar [[gc.TimeBetweenPurgingPendingKillObjects:61.1]]
[2022.08.04-07.52.20:639][  0]LogConfig: Setting CVar [[gc.MaxObjectsInEditor:25165824]]
[2022.08.04-07.52.20:639][  0]LogConfig: Setting CVar [[gc.IncrementalBeginDestroyEnabled:1]]
[2022.08.04-07.52.20:639][  0]LogConfig: Setting CVar [[gc.CreateGCClusters:1]]
[2022.08.04-07.52.20:639][  0]LogConfig: Setting CVar [[gc.MinGCClusterSize:5]]
[2022.08.04-07.52.20:639][  0]LogConfig: Setting CVar [[gc.ActorClusteringEnabled:0]]
[2022.08.04-07.52.20:639][  0]LogConfig: Setting CVar [[gc.BlueprintClusteringEnabled:0]]
[2022.08.04-07.52.20:639][  0]LogConfig: Setting CVar [[gc.UseDisregardForGCOnDedicatedServers:0]]
[2022.08.04-07.52.20:639][  0]LogConfig: Setting CVar [[gc.MultithreadedDestructionEnabled:1]]
[2022.08.04-07.52.20:639][  0]LogConfig: Applying CVar settings from Section [/Script/Engine.NetworkSettings] File [D:/Unreal Engine 4 Project/gizlilikoyunu/Saved/Config/Windows/Engine.ini]
[2022.08.04-07.52.20:639][  0]LogConfig: Applying CVar settings from Section [/Script/UnrealEd.CookerSettings] File [D:/Unreal Engine 4 Project/gizlilikoyunu/Saved/Config/Windows/Engine.ini]
[2022.08.04-07.52.20:655][  0]LogConfig: Applying CVar settings from Section [ViewDistanceQuality@3] File [D:/Unreal Engine 4 Project/gizlilikoyunu/Saved/Config/Windows/Scalability.ini]
[2022.08.04-07.52.20:655][  0]LogConfig: Setting CVar [[r.SkeletalMeshLODBias:0]]
[2022.08.04-07.52.20:655][  0]LogConfig: Setting CVar [[r.ViewDistanceScale:1.0]]
[2022.08.04-07.52.20:655][  0]LogConfig: Applying CVar settings from Section [AntiAliasingQuality@3] File [D:/Unreal Engine 4 Project/gizlilikoyunu/Saved/Config/Windows/Scalability.ini]
[2022.08.04-07.52.20:655][  0]LogConfig: Setting CVar [[r.PostProcessAAQuality:4]]
[2022.08.04-07.52.20:655][  0]LogConfig: Applying CVar settings from Section [ShadowQuality@3] File [D:/Unreal Engine 4 Project/gizlilikoyunu/Saved/Config/Windows/Scalability.ini]
[2022.08.04-07.52.20:655][  0]LogConfig: Setting CVar [[r.LightFunctionQuality:1]]
[2022.08.04-07.52.20:655][  0]LogConfig: Setting CVar [[r.ShadowQuality:5]]
[2022.08.04-07.52.20:655][  0]LogConfig: Setting CVar [[r.Shadow.CSM.MaxCascades:10]]
[2022.08.04-07.52.20:655][  0]LogConfig: Setting CVar [[r.Shadow.MaxResolution:2048]]
[2022.08.04-07.52.20:655][  0]LogConfig: Setting CVar [[r.Shadow.MaxCSMResolution:2048]]
[2022.08.04-07.52.20:655][  0]LogConfig: Setting CVar [[r.Shadow.RadiusThreshold:0.01]]
[2022.08.04-07.52.20:655][  0]LogConfig: Setting CVar [[r.Shadow.DistanceScale:1.0]]
[2022.08.04-07.52.20:655][  0]LogConfig: Setting CVar [[r.Shadow.CSM.TransitionScale:1.0]]
[2022.08.04-07.52.20:655][  0]LogConfig: Setting CVar [[r.Shadow.PreShadowResolutionFactor:1.0]]
[2022.08.04-07.52.20:655][  0]LogConfig: Setting CVar [[r.DistanceFieldShadowing:1]]
[2022.08.04-07.52.20:655][  0]LogConfig: Setting CVar [[r.DistanceFieldAO:1]]
[2022.08.04-07.52.20:655][  0]LogConfig: Setting CVar [[r.AOQuality:2]]
[2022.08.04-07.52.20:655][  0]LogConfig: Setting CVar [[r.VolumetricFog:1]]
[2022.08.04-07.52.20:655][  0]LogConfig: Setting CVar [[r.VolumetricFog.GridPixelSize:8]]
[2022.08.04-07.52.20:655][  0]LogConfig: Setting CVar [[r.VolumetricFog.GridSizeZ:128]]
[2022.08.04-07.52.20:655][  0]LogConfig: Setting CVar [[r.VolumetricFog.HistoryMissSupersampleCount:4]]
[2022.08.04-07.52.20:655][  0]LogConfig: Setting CVar [[r.LightMaxDrawDistanceScale:1]]
[2022.08.04-07.52.20:656][  0]LogConfig: Setting CVar [[r.CapsuleShadows:1]]
[2022.08.04-07.52.20:656][  0]LogConfig: Applying CVar settings from Section [PostProcessQuality@3] File [D:/Unreal Engine 4 Project/gizlilikoyunu/Saved/Config/Windows/Scalability.ini]
[2022.08.04-07.52.20:656][  0]LogConfig: Setting CVar [[r.MotionBlurQuality:4]]
[2022.08.04-07.52.20:656][  0]LogConfig: Setting CVar [[r.AmbientOcclusionMipLevelFactor:0.4]]
[2022.08.04-07.52.20:656][  0]LogConfig: Setting CVar [[r.AmbientOcclusionMaxQuality:100]]
[2022.08.04-07.52.20:656][  0]LogConfig: Setting CVar [[r.AmbientOcclusionLevels:-1]]
[2022.08.04-07.52.20:656][  0]LogConfig: Setting CVar [[r.AmbientOcclusionRadiusScale:1.0]]
[2022.08.04-07.52.20:656][  0]LogConfig: Setting CVar [[r.DepthOfFieldQuality:2]]
[2022.08.04-07.52.20:656][  0]LogConfig: Setting CVar [[r.RenderTargetPoolMin:400]]
[2022.08.04-07.52.20:656][  0]LogConfig: Setting CVar [[r.LensFlareQuality:2]]
[2022.08.04-07.52.20:656][  0]LogConfig: Setting CVar [[r.SceneColorFringeQuality:1]]
[2022.08.04-07.52.20:656][  0]LogConfig: Setting CVar [[r.EyeAdaptationQuality:2]]
[2022.08.04-07.52.20:656][  0]LogConfig: Setting CVar [[r.BloomQuality:5]]
[2022.08.04-07.52.20:656][  0]LogConfig: Setting CVar [[r.FastBlurThreshold:100]]
[2022.08.04-07.52.20:656][  0]LogConfig: Setting CVar [[r.Upscale.Quality:3]]
[2022.08.04-07.52.20:656][  0]LogConfig: Setting CVar [[r.Tonemapper.GrainQuantization:1]]
[2022.08.04-07.52.20:656][  0]LogConfig: Setting CVar [[r.LightShaftQuality:1]]
[2022.08.04-07.52.20:656][  0]LogConfig: Setting CVar [[r.Filter.SizeScale:1]]
[2022.08.04-07.52.20:656][  0]LogConfig: Setting CVar [[r.Tonemapper.Quality:5]]
[2022.08.04-07.52.20:656][  0]LogConfig: Setting CVar [[r.DOF.Gather.AccumulatorQuality:1        ; higher gathering accumulator quality]]
[2022.08.04-07.52.20:656][  0]LogConfig: Setting CVar [[r.DOF.Gather.PostfilterMethod:1          ; Median3x3 postfilering method]]
[2022.08.04-07.52.20:656][  0]LogConfig: Setting CVar [[r.DOF.Gather.EnableBokehSettings:0       ; no bokeh simulation when gathering]]
[2022.08.04-07.52.20:656][  0]LogConfig: Setting CVar [[r.DOF.Gather.RingCount:4                 ; medium number of samples when gathering]]
[2022.08.04-07.52.20:656][  0]LogConfig: Setting CVar [[r.DOF.Scatter.ForegroundCompositing:1    ; additive foreground scattering]]
[2022.08.04-07.52.20:656][  0]LogConfig: Setting CVar [[r.DOF.Scatter.BackgroundCompositing:2    ; additive background scattering]]
[2022.08.04-07.52.20:656][  0]LogConfig: Setting CVar [[r.DOF.Scatter.EnableBokehSettings:1      ; bokeh simulation when scattering]]
[2022.08.04-07.52.20:656][  0]LogConfig: Setting CVar [[r.DOF.Scatter.MaxSpriteRatio:0.1         ; only a maximum of 10% of scattered bokeh]]
[2022.08.04-07.52.20:656][  0]LogConfig: Setting CVar [[r.DOF.Recombine.Quality:1                ; cheap slight out of focus]]
[2022.08.04-07.52.20:656][  0]LogConfig: Setting CVar [[r.DOF.Recombine.EnableBokehSettings:0    ; no bokeh simulation on slight out of focus]]
[2022.08.04-07.52.20:656][  0]LogConfig: Setting CVar [[r.DOF.TemporalAAQuality:1                ; more stable temporal accumulation]]
[2022.08.04-07.52.20:656][  0]LogConfig: Setting CVar [[r.DOF.Kernel.MaxForegroundRadius:0.025]]
[2022.08.04-07.52.20:656][  0]LogConfig: Setting CVar [[r.DOF.Kernel.MaxBackgroundRadius:0.025]]
[2022.08.04-07.52.20:656][  0]LogConfig: Applying CVar settings from Section [TextureQuality@3] File [D:/Unreal Engine 4 Project/gizlilikoyunu/Saved/Config/Windows/Scalability.ini]
[2022.08.04-07.52.20:656][  0]LogConfig: Setting CVar [[r.Streaming.MipBias:0]]
[2022.08.04-07.52.20:656][  0]LogConfig: Setting CVar [[r.Streaming.AmortizeCPUToGPUCopy:0]]
[2022.08.04-07.52.20:656][  0]LogConfig: Setting CVar [[r.Streaming.MaxNumTexturesToStreamPerFrame:0]]
[2022.08.04-07.52.20:656][  0]LogConfig: Setting CVar [[r.Streaming.Boost:1]]
[2022.08.04-07.52.20:656][  0]LogConfig: Setting CVar [[r.MaxAnisotropy:8]]
[2022.08.04-07.52.20:656][  0]LogConfig: Setting CVar [[r.VT.MaxAnisotropy:8]]
[2022.08.04-07.52.20:656][  0]LogConfig: Setting CVar [[r.Streaming.LimitPoolSizeToVRAM:0]]
[2022.08.04-07.52.20:656][  0]LogConfig: Setting CVar [[r.Streaming.PoolSize:1000]]
[2022.08.04-07.52.20:656][  0]LogConfig: Setting CVar [[r.Streaming.MaxEffectiveScreenSize:0]]
[2022.08.04-07.52.20:656][  0]LogConfig: Applying CVar settings from Section [EffectsQuality@3] File [D:/Unreal Engine 4 Project/gizlilikoyunu/Saved/Config/Windows/Scalability.ini]
[2022.08.04-07.52.20:656][  0]LogConfig: Setting CVar [[r.TranslucencyLightingVolumeDim:64]]
[2022.08.04-07.52.20:656][  0]LogConfig: Setting CVar [[r.RefractionQuality:2]]
[2022.08.04-07.52.20:656][  0]LogConfig: Setting CVar [[r.SSR.Quality:3]]
[2022.08.04-07.52.20:656][  0]LogConfig: Setting CVar [[r.SSR.HalfResSceneColor:0]]
[2022.08.04-07.52.20:656][  0]LogConfig: Setting CVar [[r.SceneColorFormat:4]]
[2022.08.04-07.52.20:656][  0]LogConfig: Setting CVar [[r.DetailMode:2]]
[2022.08.04-07.52.20:656][  0]LogConfig: Setting CVar [[r.TranslucencyVolumeBlur:1]]
[2022.08.04-07.52.20:656][  0]LogConfig: Setting CVar [[r.MaterialQualityLevel:1 ; High quality]]
[2022.08.04-07.52.20:656][  0]LogConfig: Setting CVar [[r.AnisotropicMaterials:1]]
[2022.08.04-07.52.20:656][  0]LogConfig: Setting CVar [[r.SSS.Scale:1]]
[2022.08.04-07.52.20:656][  0]LogConfig: Setting CVar [[r.SSS.SampleSet:2]]
[2022.08.04-07.52.20:656][  0]LogConfig: Setting CVar [[r.SSS.Quality:1]]
[2022.08.04-07.52.20:656][  0]LogConfig: Setting CVar [[r.SSS.HalfRes:0]]
[2022.08.04-07.52.20:656][  0]LogConfig: Setting CVar [[r.SSGI.Quality:3]]
[2022.08.04-07.52.20:656][  0]LogConfig: Setting CVar [[r.EmitterSpawnRateScale:1.0]]
[2022.08.04-07.52.20:656][  0]LogConfig: Setting CVar [[r.ParticleLightQuality:2]]
[2022.08.04-07.52.20:656][  0]LogConfig: Setting CVar [[r.SkyAtmosphere.AerialPerspectiveLUT.FastApplyOnOpaque:1 ; Always have FastSkyLUT 1 in this case to avoid wrong sky]]
[2022.08.04-07.52.20:656][  0]LogConfig: Setting CVar [[r.SkyAtmosphere.AerialPerspectiveLUT.SampleCountMaxPerSlice:4]]
[2022.08.04-07.52.20:656][  0]LogConfig: Setting CVar [[r.SkyAtmosphere.AerialPerspectiveLUT.DepthResolution:16.0]]
[2022.08.04-07.52.20:656][  0]LogConfig: Setting CVar [[r.SkyAtmosphere.FastSkyLUT:1]]
[2022.08.04-07.52.20:656][  0]LogConfig: Setting CVar [[r.SkyAtmosphere.FastSkyLUT.SampleCountMin:4.0]]
[2022.08.04-07.52.20:656][  0]LogConfig: Setting CVar [[r.SkyAtmosphere.FastSkyLUT.SampleCountMax:128.0]]
[2022.08.04-07.52.20:656][  0]LogConfig: Setting CVar [[r.SkyAtmosphere.SampleCountMin:4.0]]
[2022.08.04-07.52.20:656][  0]LogConfig: Setting CVar [[r.SkyAtmosphere.SampleCountMax:128.0]]
[2022.08.04-07.52.20:656][  0]LogConfig: Setting CVar [[r.SkyAtmosphere.TransmittanceLUT.UseSmallFormat:0]]
[2022.08.04-07.52.20:656][  0]LogConfig: Setting CVar [[r.SkyAtmosphere.TransmittanceLUT.SampleCount:10.0]]
[2022.08.04-07.52.20:656][  0]LogConfig: Setting CVar [[r.SkyAtmosphere.MultiScatteringLUT.SampleCount:15.0]]
[2022.08.04-07.52.20:656][  0]LogConfig: Setting CVar [[r.SkyLight.RealTimeReflectionCapture:1]]
[2022.08.04-07.52.20:656][  0]LogConfig: Setting CVar [[fx.Niagara.QualityLevel:3]]
[2022.08.04-07.52.20:656][  0]LogConfig: Applying CVar settings from Section [FoliageQuality@3] File [D:/Unreal Engine 4 Project/gizlilikoyunu/Saved/Config/Windows/Scalability.ini]
[2022.08.04-07.52.20:656][  0]LogConfig: Setting CVar [[foliage.DensityScale:1.0]]
[2022.08.04-07.52.20:656][  0]LogConfig: Setting CVar [[grass.DensityScale:1.0]]
[2022.08.04-07.52.20:656][  0]LogConfig: Applying CVar settings from Section [ShadingQuality@3] File [D:/Unreal Engine 4 Project/gizlilikoyunu/Saved/Config/Windows/Scalability.ini]
[2022.08.04-07.52.20:656][  0]LogConfig: Setting CVar [[r.HairStrands.SkyLighting.IntegrationType:2]]
[2022.08.04-07.52.20:656][  0]LogConfig: Setting CVar [[r.HairStrands.SkyAO.SampleCount:4]]
[2022.08.04-07.52.20:656][  0]LogConfig: Setting CVar [[r.HairStrands.Visibility.MSAA.SamplePerPixel:4]]
[2022.08.04-07.52.20:656][  0]LogConfig: Setting CVar [[r.HairStrands.Interpolation.UseSingleGuide:0]]
[2022.08.04-07.52.20:656][  0]LogInit: Selected Device Profile: [Windows]
[2022.08.04-07.52.20:656][  0]LogInit: Applying CVar settings loaded from the selected device profile: [Windows]
[2022.08.04-07.52.20:656][  0]LogHAL: Display: Platform has ~ 16 GB [17057492992 / 17179869184 / 16], which maps to Larger [LargestMinGB=32, LargerMinGB=12, DefaultMinGB=8, SmallerMinGB=6, SmallestMinGB=0)
[2022.08.04-07.52.20:656][  0]LogInit: Going up to parent DeviceProfile []
[2022.08.04-07.52.20:657][  0]LogConfig: Applying CVar settings from Section [ViewDistanceQuality@2] File [D:/Unreal Engine 4 Project/gizlilikoyunu/Saved/Config/Windows/Scalability.ini]
[2022.08.04-07.52.20:657][  0]LogConfig: Setting CVar [[r.SkeletalMeshLODBias:0]]
[2022.08.04-07.52.20:657][  0]LogConfig: Setting CVar [[r.ViewDistanceScale:0.8]]
[2022.08.04-07.52.20:657][  0]LogConfig: Applying CVar settings from Section [AntiAliasingQuality@2] File [D:/Unreal Engine 4 Project/gizlilikoyunu/Saved/Config/Windows/Scalability.ini]
[2022.08.04-07.52.20:657][  0]LogConfig: Setting CVar [[r.PostProcessAAQuality:3]]
[2022.08.04-07.52.20:657][  0]LogConfig: Applying CVar settings from Section [ShadowQuality@2] File [D:/Unreal Engine 4 Project/gizlilikoyunu/Saved/Config/Windows/Scalability.ini]
[2022.08.04-07.52.20:657][  0]LogConfig: Setting CVar [[r.LightFunctionQuality:1]]
[2022.08.04-07.52.20:657][  0]LogConfig: Setting CVar [[r.ShadowQuality:5]]
[2022.08.04-07.52.20:657][  0]LogConfig: Setting CVar [[r.Shadow.CSM.MaxCascades:4]]
[2022.08.04-07.52.20:657][  0]LogConfig: Setting CVar [[r.Shadow.MaxResolution:1024]]
[2022.08.04-07.52.20:657][  0]LogConfig: Setting CVar [[r.Shadow.MaxCSMResolution:2048]]
[2022.08.04-07.52.20:657][  0]LogConfig: Setting CVar [[r.Shadow.RadiusThreshold:0.04]]
[2022.08.04-07.52.20:657][  0]LogConfig: Setting CVar [[r.Shadow.DistanceScale:0.85]]
[2022.08.04-07.52.20:657][  0]LogConfig: Setting CVar [[r.Shadow.CSM.TransitionScale:0.8]]
[2022.08.04-07.52.20:657][  0]LogConfig: Setting CVar [[r.Shadow.PreShadowResolutionFactor:0.5]]
[2022.08.04-07.52.20:657][  0]LogConfig: Setting CVar [[r.DistanceFieldShadowing:1]]
[2022.08.04-07.52.20:657][  0]LogConfig: Setting CVar [[r.DistanceFieldAO:1]]
[2022.08.04-07.52.20:657][  0]LogConfig: Setting CVar [[r.AOQuality:1]]
[2022.08.04-07.52.20:657][  0]LogConfig: Setting CVar [[r.VolumetricFog:1]]
[2022.08.04-07.52.20:657][  0]LogConfig: Setting CVar [[r.VolumetricFog.GridPixelSize:16]]
[2022.08.04-07.52.20:657][  0]LogConfig: Setting CVar [[r.VolumetricFog.GridSizeZ:64]]
[2022.08.04-07.52.20:657][  0]LogConfig: Setting CVar [[r.VolumetricFog.HistoryMissSupersampleCount:4]]
[2022.08.04-07.52.20:657][  0]LogConfig: Setting CVar [[r.LightMaxDrawDistanceScale:1]]
[2022.08.04-07.52.20:657][  0]LogConfig: Setting CVar [[r.CapsuleShadows:1]]
[2022.08.04-07.52.20:657][  0]LogConfig: Applying CVar settings from Section [PostProcessQuality@2] File [D:/Unreal Engine 4 Project/gizlilikoyunu/Saved/Config/Windows/Scalability.ini]
[2022.08.04-07.52.20:657][  0]LogConfig: Setting CVar [[r.MotionBlurQuality:3]]
[2022.08.04-07.52.20:657][  0]LogConfig: Setting CVar [[r.AmbientOcclusionMipLevelFactor:0.6]]
[2022.08.04-07.52.20:657][  0]LogConfig: Setting CVar [[r.AmbientOcclusionMaxQuality:100]]
[2022.08.04-07.52.20:657][  0]LogConfig: Setting CVar [[r.AmbientOcclusionLevels:-1]]
[2022.08.04-07.52.20:657][  0]LogConfig: Setting CVar [[r.AmbientOcclusionRadiusScale:1.5]]
[2022.08.04-07.52.20:657][  0]LogConfig: Setting CVar [[r.DepthOfFieldQuality:2]]
[2022.08.04-07.52.20:657][  0]LogConfig: Setting CVar [[r.RenderTargetPoolMin:400]]
[2022.08.04-07.52.20:657][  0]LogConfig: Setting CVar [[r.LensFlareQuality:2]]
[2022.08.04-07.52.20:657][  0]LogConfig: Setting CVar [[r.SceneColorFringeQuality:1]]
[2022.08.04-07.52.20:657][  0]LogConfig: Setting CVar [[r.EyeAdaptationQuality:2]]
[2022.08.04-07.52.20:657][  0]LogConfig: Setting CVar [[r.BloomQuality:5]]
[2022.08.04-07.52.20:657][  0]LogConfig: Setting CVar [[r.FastBlurThreshold:3]]
[2022.08.04-07.52.20:657][  0]LogConfig: Setting CVar [[r.Upscale.Quality:2]]
[2022.08.04-07.52.20:657][  0]LogConfig: Setting CVar [[r.Tonemapper.GrainQuantization:1]]
[2022.08.04-07.52.20:657][  0]LogConfig: Setting CVar [[r.LightShaftQuality:1]]
[2022.08.04-07.52.20:657][  0]LogConfig: Setting CVar [[r.Filter.SizeScale:0.8]]
[2022.08.04-07.52.20:657][  0]LogConfig: Setting CVar [[r.Tonemapper.Quality:5]]
[2022.08.04-07.52.20:657][  0]LogConfig: Setting CVar [[r.DOF.Gather.AccumulatorQuality:0        ; lower gathering accumulator quality]]
[2022.08.04-07.52.20:657][  0]LogConfig: Setting CVar [[r.DOF.Gather.PostfilterMethod:2          ; Max3x3 postfilering method]]
[2022.08.04-07.52.20:657][  0]LogConfig: Setting CVar [[r.DOF.Gather.EnableBokehSettings:0       ; no bokeh simulation when gathering]]
[2022.08.04-07.52.20:657][  0]LogConfig: Setting CVar [[r.DOF.Gather.RingCount:4                 ; medium number of samples when gathering]]
[2022.08.04-07.52.20:657][  0]LogConfig: Setting CVar [[r.DOF.Scatter.ForegroundCompositing:1    ; additive foreground scattering]]
[2022.08.04-07.52.20:657][  0]LogConfig: Setting CVar [[r.DOF.Scatter.BackgroundCompositing:1    ; no background occlusion]]
[2022.08.04-07.52.20:657][  0]LogConfig: Setting CVar [[r.DOF.Scatter.EnableBokehSettings:0      ; no bokeh simulation when scattering]]
[2022.08.04-07.52.20:657][  0]LogConfig: Setting CVar [[r.DOF.Scatter.MaxSpriteRatio:0.04        ; only a maximum of 4% of scattered bokeh]]
[2022.08.04-07.52.20:657][  0]LogConfig: Setting CVar [[r.DOF.Recombine.Quality:0                ; no slight out of focus]]
[2022.08.04-07.52.20:657][  0]LogConfig: Setting CVar [[r.DOF.TemporalAAQuality:0                ; faster temporal accumulation]]
[2022.08.04-07.52.20:657][  0]LogConfig: Setting CVar [[r.DOF.Kernel.MaxForegroundRadius:0.012   ; required because of AccumulatorQuality=0]]
[2022.08.04-07.52.20:657][  0]LogConfig: Setting CVar [[r.DOF.Kernel.MaxBackgroundRadius:0.012   ; required because of AccumulatorQuality=0]]
[2022.08.04-07.52.20:657][  0]LogConfig: Applying CVar settings from Section [TextureQuality@2] File [D:/Unreal Engine 4 Project/gizlilikoyunu/Saved/Config/Windows/Scalability.ini]
[2022.08.04-07.52.20:657][  0]LogConfig: Setting CVar [[r.Streaming.MipBias:0]]
[2022.08.04-07.52.20:657][  0]LogConfig: Setting CVar [[r.Streaming.AmortizeCPUToGPUCopy:0]]
[2022.08.04-07.52.20:657][  0]LogConfig: Setting CVar [[r.Streaming.MaxNumTexturesToStreamPerFrame:0]]
[2022.08.04-07.52.20:657][  0]LogConfig: Setting CVar [[r.Streaming.Boost:1]]
[2022.08.04-07.52.20:657][  0]LogConfig: Setting CVar [[r.MaxAnisotropy:4]]
[2022.08.04-07.52.20:657][  0]LogConfig: Setting CVar [[r.VT.MaxAnisotropy:8]]
[2022.08.04-07.52.20:657][  0]LogConfig: Setting CVar [[r.Streaming.LimitPoolSizeToVRAM:1]]
[2022.08.04-07.52.20:657][  0]LogConfig: Setting CVar [[r.Streaming.PoolSize:800]]
[2022.08.04-07.52.20:657][  0]LogConfig: Setting CVar [[r.Streaming.MaxEffectiveScreenSize:0]]
[2022.08.04-07.52.20:657][  0]LogConfig: Applying CVar settings from Section [EffectsQuality@2] File [D:/Unreal Engine 4 Project/gizlilikoyunu/Saved/Config/Windows/Scalability.ini]
[2022.08.04-07.52.20:657][  0]LogConfig: Setting CVar [[r.TranslucencyLightingVolumeDim:48]]
[2022.08.04-07.52.20:657][  0]LogConfig: Setting CVar [[r.RefractionQuality:2]]
[2022.08.04-07.52.20:657][  0]LogConfig: Setting CVar [[r.SSR.Quality:2]]
[2022.08.04-07.52.20:657][  0]LogConfig: Setting CVar [[r.SSR.HalfResSceneColor:1]]
[2022.08.04-07.52.20:657][  0]LogConfig: Setting CVar [[r.SceneColorFormat:3]]
[2022.08.04-07.52.20:657][  0]LogConfig: Setting CVar [[r.DetailMode:1]]
[2022.08.04-07.52.20:657][  0]LogConfig: Setting CVar [[r.TranslucencyVolumeBlur:1]]
[2022.08.04-07.52.20:657][  0]LogConfig: Setting CVar [[r.MaterialQualityLevel:1 ; High quality]]
[2022.08.04-07.52.20:657][  0]LogConfig: Setting CVar [[r.AnisotropicMaterials:1]]
[2022.08.04-07.52.20:657][  0]LogConfig: Setting CVar [[r.SSS.Scale:1]]
[2022.08.04-07.52.20:657][  0]LogConfig: Setting CVar [[r.SSS.SampleSet:1]]
[2022.08.04-07.52.20:657][  0]LogConfig: Setting CVar [[r.SSS.Quality:-1]]
[2022.08.04-07.52.20:657][  0]LogConfig: Setting CVar [[r.SSS.HalfRes:1]]
[2022.08.04-07.52.20:657][  0]LogConfig: Setting CVar [[r.SSGI.Quality:2]]
[2022.08.04-07.52.20:657][  0]LogConfig: Setting CVar [[r.EmitterSpawnRateScale:0.5]]
[2022.08.04-07.52.20:657][  0]LogConfig: Setting CVar [[r.ParticleLightQuality:1]]
[2022.08.04-07.52.20:657][  0]LogConfig: Setting CVar [[r.SkyAtmosphere.AerialPerspectiveLUT.FastApplyOnOpaque:1 ; Always have FastSkyLUT 1 in this case to avoid wrong sky]]
[2022.08.04-07.52.20:657][  0]LogConfig: Setting CVar [[r.SkyAtmosphere.AerialPerspectiveLUT.SampleCountMaxPerSlice:2]]
[2022.08.04-07.52.20:657][  0]LogConfig: Setting CVar [[r.SkyAtmosphere.AerialPerspectiveLUT.DepthResolution:16.0]]
[2022.08.04-07.52.20:657][  0]LogConfig: Setting CVar [[r.SkyAtmosphere.FastSkyLUT:1]]
[2022.08.04-07.52.20:657][  0]LogConfig: Setting CVar [[r.SkyAtmosphere.FastSkyLUT.SampleCountMin:4.0]]
[2022.08.04-07.52.20:657][  0]LogConfig: Setting CVar [[r.SkyAtmosphere.FastSkyLUT.SampleCountMax:64.0]]
[2022.08.04-07.52.20:657][  0]LogConfig: Setting CVar [[r.SkyAtmosphere.SampleCountMin:4.0]]
[2022.08.04-07.52.20:657][  0]LogConfig: Setting CVar [[r.SkyAtmosphere.SampleCountMax:64.0]]
[2022.08.04-07.52.20:657][  0]LogConfig: Setting CVar [[r.SkyAtmosphere.TransmittanceLUT.UseSmallFormat:0]]
[2022.08.04-07.52.20:657][  0]LogConfig: Setting CVar [[r.SkyAtmosphere.TransmittanceLUT.SampleCount:10.0]]
[2022.08.04-07.52.20:658][  0]LogConfig: Setting CVar [[r.SkyAtmosphere.MultiScatteringLUT.SampleCount:15.0]]
[2022.08.04-07.52.20:658][  0]LogConfig: Setting CVar [[r.SkyLight.RealTimeReflectionCapture:1]]
[2022.08.04-07.52.20:658][  0]LogConfig: Setting CVar [[fx.Niagara.QualityLevel:2]]
[2022.08.04-07.52.20:658][  0]LogConfig: Applying CVar settings from Section [FoliageQuality@2] File [D:/Unreal Engine 4 Project/gizlilikoyunu/Saved/Config/Windows/Scalability.ini]
[2022.08.04-07.52.20:658][  0]LogConfig: Setting CVar [[foliage.DensityScale:0.8]]
[2022.08.04-07.52.20:658][  0]LogConfig: Setting CVar [[grass.DensityScale:0.8]]
[2022.08.04-07.52.20:658][  0]LogConfig: Applying CVar settings from Section [ShadingQuality@2] File [D:/Unreal Engine 4 Project/gizlilikoyunu/Saved/Config/Windows/Scalability.ini]
[2022.08.04-07.52.20:658][  0]LogConfig: Setting CVar [[r.HairStrands.SkyLighting.IntegrationType:2]]
[2022.08.04-07.52.20:658][  0]LogConfig: Setting CVar [[r.HairStrands.SkyAO.SampleCount:4]]
[2022.08.04-07.52.20:658][  0]LogConfig: Setting CVar [[r.HairStrands.Visibility.MSAA.SamplePerPixel:4]]
[2022.08.04-07.52.20:658][  0]LogConfig: Setting CVar [[r.HairStrands.Interpolation.UseSingleGuide:1]]
[2022.08.04-07.52.20:658][  0]LogConfig: Applying CVar settings from Section [Startup] File [../../../Engine/Config/ConsoleVariables.ini]
[2022.08.04-07.52.20:658][  0]LogConfig: Setting CVar [[net.UseAdaptiveNetUpdateFrequency:0]]
[2022.08.04-07.52.20:658][  0]LogConfig: Setting CVar [[p.chaos.AllowCreatePhysxBodies:1]]
[2022.08.04-07.52.20:658][  0]LogConfig: Setting CVar [[fx.SkipVectorVMBackendOptimizations:1]]
[2022.08.04-07.52.20:658][  0]LogConfig: Applying CVar settings from Section [ConsoleVariables] File [D:/Unreal Engine 4 Project/gizlilikoyunu/Saved/Config/Windows/Engine.ini]
[2022.08.04-07.52.20:658][  0]LogConfig: Applying CVar settings from Section [ConsoleVariables] File [D:/Unreal Engine 4 Project/gizlilikoyunu/Saved/Config/Windows/Editor.ini]
[2022.08.04-07.52.20:658][  0]LogInit: Computer: DESKTOP-KK9TVK8
[2022.08.04-07.52.20:658][  0]LogInit: User: user
[2022.08.04-07.52.20:658][  0]LogInit: CPU Page size=4096, Cores=6
[2022.08.04-07.52.20:658][  0]LogInit: High frequency timer resolution =10.000000 MHz
[2022.08.04-07.52.20:658][  0]LogMemory: Memory total: Physical=15.9GB (16GB approx)
[2022.08.04-07.52.20:658][  0]LogMemory: Platform Memory Stats for Windows
[2022.08.04-07.52.20:658][  0]LogMemory: Process Physical Memory: 150.39 MB used, 150.40 MB peak
[2022.08.04-07.52.20:658][  0]LogMemory: Process Virtual Memory: 124.63 MB used, 124.63 MB peak
[2022.08.04-07.52.20:658][  0]LogMemory: Physical Memory: 8026.25 MB used,  8241.05 MB free, 16267.29 MB total
[2022.08.04-07.52.20:658][  0]LogMemory: Virtual Memory: 134209944.00 MB used,  7780.36 MB free, 134217728.00 MB total
[2022.08.04-07.52.20:663][  0]LogWindows: WindowsPlatformFeatures enabled
[2022.08.04-07.52.20:686][  0]LogInit: Physics initialised using underlying interface: PhysX
[2022.08.04-07.52.20:687][  0]LogInit: Using OS detected language (tr-TR).
[2022.08.04-07.52.20:687][  0]LogInit: Using OS detected locale (tr-TR).
[2022.08.04-07.52.20:689][  0]LogTextLocalizationManager: No localization for 'tr-TR' exists, so 'en' will be used for the language.
[2022.08.04-07.52.20:887][  0]LogInit: Setting process to per monitor DPI aware
[2022.08.04-07.52.20:896][  0]LogWindowsTextInputMethodSystem: Display: IME system deactivated.
[2022.08.04-07.52.20:904][  0]LogSlate: New Slate User Created.  User Index 0, Is Virtual User: 0
[2022.08.04-07.52.20:904][  0]LogSlate: Slate User Registered.  User Index 0, Is Virtual User: 0
[2022.08.04-07.52.20:994][  0]LogD3D11RHI: Loaded GFSDK_Aftermath_Lib.x64.dll
[2022.08.04-07.52.20:996][  0]LogHMD: Failed to initialize OpenVR with code 110
[2022.08.04-07.52.20:996][  0]LogD3D11RHI: D3D11 min allowed feature level: 11_0
[2022.08.04-07.52.20:996][  0]LogD3D11RHI: D3D11 max allowed feature level: 11_0
[2022.08.04-07.52.20:996][  0]LogD3D11RHI: D3D11 adapters:
[2022.08.04-07.52.21:085][  0]LogD3D11RHI:    0. 'NVIDIA GeForce GT 1030' (Feature Level 11_0)
[2022.08.04-07.52.21:085][  0]LogD3D11RHI:       1982/0/8133 MB DedicatedVideo/DedicatedSystem/SharedSystem, Outputs:1, VendorId:0x10de
[2022.08.04-07.52.21:087][  0]LogD3D11RHI:    1. 'Microsoft Basic Render Driver' (Feature Level 11_0)
[2022.08.04-07.52.21:087][  0]LogD3D11RHI:       0/0/8133 MB DedicatedVideo/DedicatedSystem/SharedSystem, Outputs:0, VendorId:0x1414
[2022.08.04-07.52.21:087][  0]LogD3D11RHI: Chosen D3D11 Adapter:
[2022.08.04-07.52.21:087][  0]LogD3D11RHI:     Description : NVIDIA GeForce GT 1030
[2022.08.04-07.52.21:087][  0]LogD3D11RHI:     VendorId    : 10de
[2022.08.04-07.52.21:087][  0]LogD3D11RHI:     DeviceId    : 1d01
[2022.08.04-07.52.21:087][  0]LogD3D11RHI:     SubSysId    : 8c981462
[2022.08.04-07.52.21:087][  0]LogD3D11RHI:     Revision    : 00a1
[2022.08.04-07.52.21:087][  0]LogD3D11RHI:     DedicatedVideoMemory : 2078662656 bytes
[2022.08.04-07.52.21:087][  0]LogD3D11RHI:     DedicatedSystemMemory : 0 bytes
[2022.08.04-07.52.21:087][  0]LogD3D11RHI:     SharedSystemMemory : 8528746496 bytes
[2022.08.04-07.52.21:087][  0]LogD3D11RHI:     AdapterLuid : 0 46961
[2022.08.04-07.52.21:092][  0]LogD3D11RHI: Creating new Direct3DDevice
[2022.08.04-07.52.21:092][  0]LogD3D11RHI:     GPU DeviceId: 0x1d01 (for the marketing name, search the web for "GPU Device Id")
[2022.08.04-07.52.21:092][  0]LogWindows: EnumDisplayDevices:
[2022.08.04-07.52.21:093][  0]LogWindows:    0. 'NVIDIA GeForce GT 1030' (P:1 D:1)
[2022.08.04-07.52.21:093][  0]LogWindows:    1. 'NVIDIA GeForce GT 1030' (P:0 D:0)
[2022.08.04-07.52.21:093][  0]LogWindows: DebugString: FoundDriverCount:2 
[2022.08.04-07.52.21:093][  0]LogD3D11RHI:     Adapter Name: NVIDIA GeForce GT 1030
[2022.08.04-07.52.21:093][  0]LogD3D11RHI:   Driver Version: 471.41 (internal:30.0.14.7141, unified:471.41)
[2022.08.04-07.52.21:093][  0]LogD3D11RHI:      Driver Date: 7-12-2021
[2022.08.04-07.52.21:093][  0]LogRHI: Texture pool is 1387 MB (70% of 1982 MB)
[2022.08.04-07.52.21:093][  0]LogD3D11RHI: Creating D3DDevice using adapter:
[2022.08.04-07.52.21:093][  0]LogD3D11RHI:     Description : NVIDIA GeForce GT 1030
[2022.08.04-07.52.21:093][  0]LogD3D11RHI:     VendorId    : 10de
[2022.08.04-07.52.21:093][  0]LogD3D11RHI:     DeviceId    : 1d01
[2022.08.04-07.52.21:093][  0]LogD3D11RHI:     SubSysId    : 8c981462
[2022.08.04-07.52.21:093][  0]LogD3D11RHI:     Revision    : 00a1
[2022.08.04-07.52.21:093][  0]LogD3D11RHI:     DedicatedVideoMemory : 2078662656 bytes
[2022.08.04-07.52.21:093][  0]LogD3D11RHI:     DedicatedSystemMemory : 0 bytes
[2022.08.04-07.52.21:093][  0]LogD3D11RHI:     SharedSystemMemory : 8528746496 bytes
[2022.08.04-07.52.21:093][  0]LogD3D11RHI:     AdapterLuid : 0 46961
[2022.08.04-07.52.21:162][  0]LogD3D11RHI: RHI has support for 64 bit atomics
[2022.08.04-07.52.21:162][  0]LogD3D11RHI: Async texture creation enabled
[2022.08.04-07.52.21:162][  0]LogD3D11RHI: Array index from any shader is supported
[2022.08.04-07.52.21:212][  0]LogD3D11RHI: GPU Timing Frequency: 1000.000000 (Debug: 2 2)
[2022.08.04-07.52.21:244][  0]LogRHI: GeForceNow SDK initialized: 1
[2022.08.04-07.52.21:526][  0]LogTargetPlatformManager: Display: Loaded TargetPlatform 'AllDesktop'
[2022.08.04-07.52.21:545][  0]LogTargetPlatformManager: Display: Loaded TargetPlatform 'Android'
[2022.08.04-07.52.21:545][  0]LogTargetPlatformManager: Display: Loaded TargetPlatform 'Android_ASTC'
[2022.08.04-07.52.21:545][  0]LogTargetPlatformManager: Display: Loaded TargetPlatform 'Android_DXT'
[2022.08.04-07.52.21:545][  0]LogTargetPlatformManager: Display: Loaded TargetPlatform 'Android_ETC2'
[2022.08.04-07.52.21:545][  0]LogTargetPlatformManager: Display: Loaded TargetPlatform 'AndroidClient'
[2022.08.04-07.52.21:545][  0]LogTargetPlatformManager: Display: Loaded TargetPlatform 'Android_ASTCClient'
[2022.08.04-07.52.21:545][  0]LogTargetPlatformManager: Display: Loaded TargetPlatform 'Android_DXTClient'
[2022.08.04-07.52.21:545][  0]LogTargetPlatformManager: Display: Loaded TargetPlatform 'Android_ETC2Client'
[2022.08.04-07.52.21:545][  0]LogTargetPlatformManager: Display: Loaded TargetPlatform 'Android_Multi'
[2022.08.04-07.52.21:545][  0]LogTargetPlatformManager: Display: Loaded TargetPlatform 'Android_MultiClient'
[2022.08.04-07.52.21:560][  0]LogTargetPlatformManager: Display: Loaded TargetPlatform 'IOSClient'
[2022.08.04-07.52.21:560][  0]LogTargetPlatformManager: Display: Loaded TargetPlatform 'IOS'
[2022.08.04-07.52.21:568][  0]LogTargetPlatformManager: Display: Loaded TargetPlatform 'Linux'
[2022.08.04-07.52.21:572][  0]LogTargetPlatformManager: Display: Loaded TargetPlatform 'LinuxNoEditor'
[2022.08.04-07.52.21:576][  0]LogTargetPlatformManager: Display: Loaded TargetPlatform 'LinuxClient'
[2022.08.04-07.52.21:579][  0]LogTargetPlatformManager: Display: Loaded TargetPlatform 'LinuxServer'
[2022.08.04-07.52.21:587][  0]LogTargetPlatformManager: Display: Loaded TargetPlatform 'LinuxAArch64NoEditor'
[2022.08.04-07.52.21:591][  0]LogTargetPlatformManager: Display: Loaded TargetPlatform 'LinuxAArch64Client'
[2022.08.04-07.52.21:595][  0]LogTargetPlatformManager: Display: Loaded TargetPlatform 'LinuxAArch64Server'
[2022.08.04-07.52.21:614][  0]LogTargetPlatformManager: Display: Loaded TargetPlatform 'Lumin'
[2022.08.04-07.52.21:614][  0]LogTargetPlatformManager: Display: Loaded TargetPlatform 'LuminClient'
[2022.08.04-07.52.21:622][  0]LogTargetPlatformManager: Display: Loaded TargetPlatform 'MacNoEditor'
[2022.08.04-07.52.21:626][  0]LogTargetPlatformManager: Display: Loaded TargetPlatform 'Mac'
[2022.08.04-07.52.21:629][  0]LogTargetPlatformManager: Display: Loaded TargetPlatform 'MacClient'
[2022.08.04-07.52.21:633][  0]LogTargetPlatformManager: Display: Loaded TargetPlatform 'MacServer'
[2022.08.04-07.52.21:642][  0]LogTargetPlatformManager: Display: Loaded TargetPlatform 'TVOSClient'
[2022.08.04-07.52.21:642][  0]LogTargetPlatformManager: Display: Loaded TargetPlatform 'TVOS'
[2022.08.04-07.52.21:649][  0]LogTargetPlatformManager: Display: Loaded TargetPlatform 'WindowsNoEditor'
[2022.08.04-07.52.21:653][  0]LogTargetPlatformManager: Display: Loaded TargetPlatform 'Windows'
[2022.08.04-07.52.21:657][  0]LogTargetPlatformManager: Display: Loaded TargetPlatform 'WindowsClient'
[2022.08.04-07.52.21:661][  0]LogTargetPlatformManager: Display: Loaded TargetPlatform 'WindowsServer'
[2022.08.04-07.52.21:661][  0]LogTargetPlatformManager: Display: Building Assets For Windows
[2022.08.04-07.52.21:667][  0]LogAudioDebug: Display: Lib vorbis DLL was dynamically loaded.
[2022.08.04-07.52.21:693][  0]LogTextureFormatOodle: Display: Oodle Texture 2.9.0 init RDO Off
[2022.08.04-07.52.21:719][  0]LogRendererCore: Ray tracing is disabled. Reason: r.RayTracing=0.
[2022.08.04-07.52.21:719][  0]LogShaderCompilers: Guid format shader working directory is -7 characters bigger than the processId version (../../../../../Unreal Engine 4 Project/gizlilikoyunu/Intermediate/Shaders/WorkingDirectory/9384/).
[2022.08.04-07.52.21:720][  0]LogShaderCompilers: Cleaned the shader compiler working directory 'C:/Users/user/AppData/Local/Temp/UnrealShaderWorkingDir/AE72BF914A60BB0A3F656AA8186CA76F/'.
[2022.08.04-07.52.21:720][  0]LogXGEController: Cannot use XGE Controller as Incredibuild is not installed on this machine.
[2022.08.04-07.52.21:720][  0]LogShaderCompilers: Cannot use XGE Shader Compiler as Incredibuild is not installed on this machine.
[2022.08.04-07.52.21:720][  0]LogShaderCompilers: Display: Using Local Shader Compiler.
[2022.08.04-07.52.22:530][  0]LogDerivedDataCache: Display: Max Cache Size: 512 MB
[2022.08.04-07.52.22:588][  0]LogDerivedDataCache: Loaded boot cache 0.06s 104MB C:/Users/user/AppData/Local/UnrealEngine/4.27/DerivedDataCache/Boot.ddc.
[2022.08.04-07.52.22:588][  0]LogDerivedDataCache: Display: Loaded Boot cache: C:/Users/user/AppData/Local/UnrealEngine/4.27/DerivedDataCache/Boot.ddc
[2022.08.04-07.52.22:589][  0]LogDerivedDataCache: FDerivedDataBackendGraph:  Pak pak cache file ../../../../../Unreal Engine 4 Project/gizlilikoyunu/DerivedDataCache/DDC.ddp not found, will not use a pak cache.
[2022.08.04-07.52.22:589][  0]LogDerivedDataCache: Unable to find inner node Pak for hierarchical cache Hierarchy.
[2022.08.04-07.52.22:589][  0]LogDerivedDataCache: FDerivedDataBackendGraph:  CompressedPak pak cache file ../../../../../Unreal Engine 4 Project/gizlilikoyunu/DerivedDataCache/Compressed.ddp not found, will not use a pak cache.
[2022.08.04-07.52.22:589][  0]LogDerivedDataCache: Unable to find inner node CompressedPak for hierarchical cache Hierarchy.
[2022.08.04-07.52.22:604][  0]LogDerivedDataCache: Display: Pak cache opened for reading ../../../Engine/DerivedDataCache/Compressed.ddp.
[2022.08.04-07.52.22:604][  0]LogDerivedDataCache: FDerivedDataBackendGraph:  EnterprisePak pak cache file ../../../Enterprise/DerivedDataCache/Compressed.ddp not found, will not use a pak cache.
[2022.08.04-07.52.22:604][  0]LogDerivedDataCache: Unable to find inner node EnterprisePak for hierarchical cache Hierarchy.
[2022.08.04-07.52.22:607][  0]LogDerivedDataCache: Speed tests for C:/Users/user/AppData/Local/UnrealEngine/Common/DerivedDataCache took 0.00 seconds
[2022.08.04-07.52.22:607][  0]LogDerivedDataCache: Display: Performance to C:/Users/user/AppData/Local/UnrealEngine/Common/DerivedDataCache: Latency=0.01ms. RandomReadSpeed=1658.08MBs, RandomWriteSpeed=292.97MBs. Assigned SpeedClass 'Local'
[2022.08.04-07.52.22:608][  0]LogDerivedDataCache: Using Local data cache path C:/Users/user/AppData/Local/UnrealEngine/Common/DerivedDataCache: Writable
[2022.08.04-07.52.22:608][  0]LogDerivedDataCache: Shared data cache path not found in *engine.ini, will not use an Shared cache.
[2022.08.04-07.52.22:608][  0]LogDerivedDataCache: Unable to find inner node Shared for hierarchical cache Hierarchy.
[2022.08.04-07.52.22:660][  0]LogSlate: Using FreeType 2.10.0
[2022.08.04-07.52.22:660][  0]LogSlate: SlateFontServices - WITH_FREETYPE: 1, WITH_HARFBUZZ: 1
[2022.08.04-07.52.22:682][  0]LogAssetRegistry: FAssetRegistry took 0.0022 seconds to start up
[2022.08.04-07.52.22:983][  0]LogInit: Selected Device Profile: [Windows]
[2022.08.04-07.52.22:983][  0]LogInit: Active device profile: [000001F01786DE00][000001F012CD3400 49] Windows
[2022.08.04-07.52.22:983][  0]LogInit: Profiles: [000001F01786DE00][000001F012CD3400 49] Windows, [000001F017883800][000001F012CFB580 49] WindowsNoEditor, [000001F01786DC00][000001F012CFF700 49] WindowsServer, [000001F017880300][000001F012D03880 49] WindowsClient, [000001F01786C400][000001F012E5FA00 49] IOS, [000001F017883F00][000001F012E63B80 49] iPadAir, [000001F01786D400][000001F012E66180 49] iPadAir2, [000001F0177FD500][000001F012E963C0 49] IPadPro, [000001F0177FD600][000001F012CD6400 49] iPadAir3, [000001F01786F800][000001F012E9A540 49] iPadAir4, [000001F0177FF000][000001F0148F06C0 49] iPadMini2, [000001F01786CC00][000001F014924840 49] iPadMini3, [000001F0177FDE00][000001F0149389C0 49] iPadMini4, [000001F01786E800][000001F016E64B40 49] iPadMini5, [000001F017830E00][000001F016E6CE00 49] iPhone6, [000001F017830F00][000001F016E68E40 49] iPodTouch6, [000001F017883300][000001F016EB1100 49] iPhone7, [000001F017883400][000001F016EAD140 49] iPodTouch7, [000001F017830200][000001F016EDD2C0 49] iPhone5S, [000001F0177FFF00][000001F016EE5440 49] iPhone6Plus, [000001F017832E00][000001F016EE95C0 49] iPhone6S, [000001F0177FD200][000001F016EED740 49] iPhone6SPlus, [000001F017881B00][000001F016EF98C0 49] iPhone7Plus, [000001F0177FE500][000001F016EFDA40 49] iPhoneSE, [000001F017882600][000001F016BD7BC0 49] iPhone8, [000001F0177FC600][000001F016C0A1C0 49] iPhone8Plus, [000001F017881000][000001F016C0E340 49] iPhoneX, [000001F0177FD000][000001F012E9E480 49] iPhoneXS, [000001F017881800][000001F016C225C0 49] iPhoneXSMax, [000001F0177FC100][000001F016C3A700 49] iPhoneXR, [000001F017881400][000001F016C3E840 49] iPhone11, [000001F0177FFC00][000001F016C829C0 49] iPhone11Pro, [000001F017881900][000001F016C86B40 49] iPhone11ProMax, [000001F0177FF800][000001F016C8ACC0 49] iPhoneSE2, [000001F017882300][000001F016C8EE40 49] iPhone12Mini, [000001F0177FC300][000001F016C9CFC0 49] iPhone12, [000001F017880C00][000001F016CA1140 49] iPhone12Pro, [000001F0177FC200][000001F016CA52C0 49] iPhone12ProMax, [000001F017880100][000001F016CA9440 49] iPadPro105, [000001F0177FDF00][000001F016CAD5C0 49] iPadPro129, [000001F017880900][000001F016CB1740 49] iPadPro97, [000001F0177FC900][000001F0175078C0 49] iPadPro2_129, [000001F017882200][000001F01750BA40 49] iPad5, [000001F0177FF900][000001F01750FBC0 49] iPad6, [000001F017882500][000001F016D241C0 49] iPad7, [000001F0177FDB00][000001F016D28340 49] iPad8, [000001F017881D00][000001F016D2C4C0 49] iPadPro11, [000001F0177FC400][000001F016C76600 49] iPadPro2_11, [000001F017882C00][000001F016D30740 49] iPadPro3_129, [000001F0177FEF00][000001F012E4A880 49] iPadPro4_129, [000001F017882F00][000001F012E4E9C0 49] AppleTV, [000001F0177FF400][000001F012E56B40 49] AppleTV4K, [000001F017883700][000001F016D34CC0 49] TVOS, [000001F0177FEC00][000001F016D38E40 49] Mac, [000001F017880400][000001F016D3CFC0 49] MacClient, [000001F0177FEE00][000001F016D4B140 49] MacNoEditor, [000001F017883E00][000001F0175572C0 49] MacServer, [000001F0177FE200][000001F01755B440 49] Linux, [000001F017880B00][000001F01755F5C0 49] LinuxAArch64, [000001F0177FEB00][000001F012E5B740 49] LinuxNoEditor, [000001F017880E00][000001F0175638C0 49] LinuxAArch64NoEditor, [000001F0177FF700][000001F017567A40 49] LinuxClient, [000001F017883B00][000001F01756BBC0 49] LinuxAArch64Client, [000001F0177FE100][000001F012CDA1C0 49] LinuxServer, [000001F017880700][000001F016D40340 49] LinuxAArch64Server, [000001F0177FFB00][000001F012CEA4C0 49] Android, [000001F017882400][000001F012CEE640 49] Android_Low, [000001F0177FCB00][000001F012CF27C0 49] Android_Mid, [000001F017883600][000001F012E52900 49] Android_High, [000001F0177FCC00][000001F012CF6A40 49] Android_Default, [000001F01786E600][000001F017512B80 49] Android_Adreno4xx, [000001F017832A00][000001F01751AD00 49] Android_Adreno5xx_Low, [000001F01786FC00][000001F016EF4E80 49] Android_Adreno5xx, [000001F017833400][000001F016EF1000 49] Android_Adreno6xx, [000001F01786F200][000001F016EE1180 49] Android_Adreno6xx_Vulkan, [000001F017830C00][000001F0146AD300 49] Android_Mali_T6xx, [000001F01786EF00][000001F0146B1480 49] Android_Mali_T7xx, [000001F017833500][000001F0146BD600 49] Android_Mali_T8xx, [000001F01786D100][000001F0146C1780 49] Android_Mali_G71, [000001F017830100][000001F0146C5900 49] Android_Mali_G72, [000001F01786C600][000001F0146C9A80 49] Android_Mali_G72_Vulkan, [000001F017832600][000001F0146CDC00 49] Android_Mali_G76, [000001F01786FA00][000001F0146D0200 49] Android_Mali_G76_Vulkan, [000001F017833900][000001F0146D4380 49] Android_Mali_G77, [000001F01786C200][000001F0146D8500 49] Android_Mali_G77_Vulkan, [000001F017831400][000001F0146DC680 49] Android_Mali_G78, [000001F01786F300][000001F0146E0800 49] Android_Mali_G78_Vulkan, [000001F017830D00][000001F01751E980 49] Android_Mali_G710, [000001F01786D900][000001F017516AC0 49] Android_Mali_G710_Vulkan, [000001F017830A00][000001F017522C00 49] Android_Vulkan_SM5, [000001F01786EC00][000001F017526D40 49] Android_PowerVR_G6xxx, [000001F017833D00][000001F01752EEC0 49] Android_PowerVR_GT7xxx, [000001F01786E000][000001F017533040 49] Android_PowerVR_GE8xxx, [000001F017830B00][000001F0175371C0 49] Android_PowerVR_GM9xxx, [000001F01786F400][000001F01753B340 49] Android_PowerVR_GM9xxx_Vulkan, [000001F0177FF600][000001F01753F4C0 49] Android_TegraK1, [000001F01786D500][000001F017543640 49] Android_Unknown_Vulkan, [000001F0177FE800][000001F0175477C0 49] Lumin, [000001F01786C100][000001F01754B940 49] Lumin_Desktop, [000001F0177FD700][000001F016D8FAC0 49] HoloLens, 
[2022.08.04-07.52.23:100][  0]LogMeshReduction: Using QuadricMeshReduction for automatic static mesh reduction
[2022.08.04-07.52.23:100][  0]LogMeshReduction: Using SimplygonMeshReduction for automatic skeletal mesh reduction
[2022.08.04-07.52.23:100][  0]LogMeshReduction: Using ProxyLODMeshReduction for automatic mesh merging
[2022.08.04-07.52.23:100][  0]LogMeshReduction: No distributed automatic mesh merging module available
[2022.08.04-07.52.23:100][  0]LogMeshMerging: No distributed automatic mesh merging module available
[2022.08.04-07.52.23:112][  0]LogNetVersion: gizlilikoyunu 1.0.0, NetCL: 17155196, EngineNetVer: 17, GameNetVer: 0 (Checksum: 1827890772)
[2022.08.04-07.52.23:467][  0]LogTexture: Default maximum texture size for cubemaps generated from long-lat sources has been changed from 512 to unlimited. In order to preserve old behaiour for '/Engine/MapTemplates/Sky/DaylightAmbientCubemap.DaylightAmbientCubemap', its maximum texture size has been explicitly set to 512.
[2022.08.04-07.52.23:661][  0]LogHMD: PokeAHoleMaterial loaded successfully
[2022.08.04-07.52.23:667][  0]LogUObjectArray: 18050 objects as part of root set at end of initial load.
[2022.08.04-07.52.23:667][  0]LogUObjectAllocator: 4611168 out of 0 bytes used by permanent object pool.
[2022.08.04-07.52.23:668][  0]LogUObjectArray: CloseDisregardForGC: 0/0 objects in disregard for GC pool
[2022.08.04-07.52.23:992][  0]LogPython: Using Python 3.7.7
[2022.08.04-07.52.24:469][  0]LogTcpMessaging: Initializing TcpMessaging bridge
[2022.08.04-07.52.24:473][  0]LogUdpMessaging: Initializing bridge on interface 0.0.0.0:0 to multicast group 230.0.0.1:6666.
[2022.08.04-07.52.24:510][  0]LogNiagaraDebuggerClient: Niagara Debugger Client Initialized | Session: 2DBAC3B3443A79DFB3DC9FADCAC5BE3F | Instance: FB8788E54034DB3937AE8EB89CFE5AA8 (DESKTOP-KK9TVK8-9384).
[2022.08.04-07.52.25:215][  0]LogOpenImageDenoise: OIDN starting up
[2022.08.04-07.52.25:230][  0]LogAndroidPermission: UAndroidPermissionCallbackProxy::GetInstance
[2022.08.04-07.52.25:251][  0]LogAudioCaptureCore: Display: No Audio Capture implementations found. Audio input will be silent.
[2022.08.04-07.52.25:251][  0]LogAudioCaptureCore: Display: No Audio Capture implementations found. Audio input will be silent.
[2022.08.04-07.52.25:473][  0]SourceControl: Source control is disabled
[2022.08.04-07.52.25:983][  0]LogUProjectInfo: Found projects:
[2022.08.04-07.52.25:997][  0]LogCollectionManager: Loaded 0 collections in 0.000725 seconds
[2022.08.04-07.52.26:029][  0]LogFileCache: Scanning file cache for directory 'D:/Unreal Engine 4 Project/gizlilikoyunu/Saved/Collections/' took 0.00s
[2022.08.04-07.52.26:029][  0]LogFileCache: Scanning file cache for directory 'D:/Unreal Engine 4 Project/gizlilikoyunu/Content/Developers/user/Collections/' took 0.00s
[2022.08.04-07.52.26:029][  0]LogFileCache: Scanning file cache for directory 'D:/Unreal Engine 4 Project/gizlilikoyunu/Content/Collections/' took 0.00s
[2022.08.04-07.52.26:029][  0]LogOcInput: OculusInput pre-init called
[2022.08.04-07.52.26:258][  0]LogClass: Display: IntProperty FPhysicsConvexData::NumVertices is not initialized properly. Module:MeshModelingTools File:Public/Physics/CollisionPropertySets.h
[2022.08.04-07.52.26:259][  0]LogClass: Display: IntProperty FPhysicsConvexData::NumFaces is not initialized properly. Module:MeshModelingTools File:Public/Physics/CollisionPropertySets.h
[2022.08.04-07.52.26:259][  0]LogClass: Display: FloatProperty FPhysicsCapsuleData::Radius is not initialized properly. Module:MeshModelingTools File:Public/Physics/CollisionPropertySets.h
[2022.08.04-07.52.26:259][  0]LogClass: Display: FloatProperty FPhysicsCapsuleData::Length is not initialized properly. Module:MeshModelingTools File:Public/Physics/CollisionPropertySets.h
[2022.08.04-07.52.26:259][  0]LogClass: Display: StructProperty FPhysicsBoxData::Dimensions is not initialized properly. Module:MeshModelingTools File:Public/Physics/CollisionPropertySets.h
[2022.08.04-07.52.26:259][  0]LogClass: Display: FloatProperty FPhysicsSphereData::Radius is not initialized properly. Module:MeshModelingTools File:Public/Physics/CollisionPropertySets.h
[2022.08.04-07.52.26:259][  0]LogClass: Display: EnumProperty FLODLevelGenerateSettings::TargetMode is not initialized properly. Module:MeshModelingToolsEditorOnly File:Public/GenerateLODMeshesTool.h
[2022.08.04-07.52.26:259][  0]LogClass: Display: IntProperty FLODLevelGenerateSettings::TargetPercentage is not initialized properly. Module:MeshModelingToolsEditorOnly File:Public/GenerateLODMeshesTool.h
[2022.08.04-07.52.26:259][  0]LogClass: Display: IntProperty FLODLevelGenerateSettings::TargetCount is not initialized properly. Module:MeshModelingToolsEditorOnly File:Public/GenerateLODMeshesTool.h
[2022.08.04-07.52.26:259][  0]LogClass: Display: 9 Uninitialized script struct members found including 0 object properties
[2022.08.04-07.52.26:260][  0]LogEngine: Initializing Engine...
[2022.08.04-07.52.26:303][  0]LogHMD: Failed to enumerate extensions. Please check that you have a valid OpenXR runtime installed.
[2022.08.04-07.52.26:322][  0]LogHMD: Failed to initialize OpenVR with code 110
[2022.08.04-07.52.26:358][  0]LogMagicLeap: Warning: VR disabled because ZI is not enabled.  To enable, in the editor, Edit -> Project Settings -> Plugins -> Magic Leap Plugin -> Enable Zero Iteration
[2022.08.04-07.52.26:359][  0]LogStylusInput: Initializing StylusInput subsystem.
[2022.08.04-07.52.26:379][  0]LogStats: UGameplayTagsManager::InitializeManager -  0.000 s
[2022.08.04-07.52.26:524][  0]LogInit: Initializing FReadOnlyCVARCache
[2022.08.04-07.52.26:530][  0]LogAIModule: Creating AISystem for world Untitled
[2022.08.04-07.52.26:531][  0]LogAudio: Display: Initializing Audio Device Manager...
[2022.08.04-07.52.26:534][  0]LogAudio: Display: Loading Default Audio Settings Objects...
[2022.08.04-07.52.26:534][  0]LogAudio: Display: No default SoundConcurrencyObject specified (or failed to load).
[2022.08.04-07.52.26:535][  0]LogAudio: Display: Audio Device Manager Initialized
[2022.08.04-07.52.26:535][  0]LogAudio: Display: Creating Audio Device:                 Id: 1, Scope: Shared, Realtime: True
[2022.08.04-07.52.26:535][  0]LogAudioMixer: Display: Audio Mixer Platform Settings:
[2022.08.04-07.52.26:535][  0]LogAudioMixer: Display: 	Sample Rate:						  48000
[2022.08.04-07.52.26:535][  0]LogAudioMixer: Display: 	Callback Buffer Frame Size Requested: 1024
[2022.08.04-07.52.26:535][  0]LogAudioMixer: Display: 	Callback Buffer Frame Size To Use:	  1024
[2022.08.04-07.52.26:535][  0]LogAudioMixer: Display: 	Number of buffers to queue:			  2
[2022.08.04-07.52.26:535][  0]LogAudioMixer: Display: 	Max Channels (voices):				  32
[2022.08.04-07.52.26:535][  0]LogAudioMixer: Display: 	Number of Async Source Workers:		  0
[2022.08.04-07.52.26:535][  0]LogAudio: Display: AudioDevice MaxSources: 32
[2022.08.04-07.52.26:535][  0]LogAudio: Display: Audio Spatialization Plugin: None (built-in).
[2022.08.04-07.52.26:535][  0]LogAudio: Display: Audio Reverb Plugin: None (built-in).
[2022.08.04-07.52.26:535][  0]LogAudio: Display: Audio Occlusion Plugin: None (built-in).
[2022.08.04-07.52.26:535][  0]LogAudioMixer: Display: Initializing audio mixer.
[2022.08.04-07.52.26:542][  0]LogAudioMixer: Display: 0: FrontLeft
[2022.08.04-07.52.26:542][  0]LogAudioMixer: Display: 1: FrontRight
[2022.08.04-07.52.26:554][  0]LogAudioMixer: Display: Using Audio Device Hoparlör (High Definition Audio Device)
[2022.08.04-07.52.26:560][  0]LogAudioMixer: Display: Initializing Sound Submixes...
[2022.08.04-07.52.26:561][  0]LogAudioMixer: Display: Creating Master Submix 'MasterSubmixDefault'
[2022.08.04-07.52.26:561][  0]LogAudioMixer: Display: Creating Master Submix 'MasterReverbSubmixDefault'
[2022.08.04-07.52.26:562][  0]LogAudioMixer: Display: Creating Master Submix 'MasterEQSubmixDefault'
[2022.08.04-07.52.26:562][  0]LogAudioMixer: FMixerPlatformXAudio2::StartAudioStream() called
[2022.08.04-07.52.26:562][  0]LogAudioMixer: Display: Output buffers initialized: Frames=1024, Channels=2, Samples=2048
[2022.08.04-07.52.26:563][  0]LogAudioMixer: Display: Starting AudioMixerPlatformInterface::RunInternal()
[2022.08.04-07.52.26:563][  0]LogAudioMixer: Display: FMixerPlatformXAudio2::SubmitBuffer() called for the first time
[2022.08.04-07.52.26:563][  0]LogInit: FAudioDevice initialized.
[2022.08.04-07.52.26:564][  0]LogAudio: Display: Audio Device (ID: 1) registered with world 'Untitled'.
[2022.08.04-07.52.26:564][  0]LogNetVersion: Set ProjectVersion to 1.0.0.0. Version Checksum will be recalculated on next use.
[2022.08.04-07.52.26:687][  0]LogDerivedDataCache: Saved boot cache 0.12s 113MB C:/Users/user/AppData/Local/UnrealEngine/4.27/DerivedDataCache/Boot.ddc.
[2022.08.04-07.52.26:690][  0]LogInit: Texture streaming: Enabled
[2022.08.04-07.52.26:703][  0]LogAnalytics: Display: [UEEditor.Rocket.Release] APIServer = https://datarouter.ol.epicgames.com/. AppVersion = 4.27.2-18319896+++UE4+Release-4.27
[2022.08.04-07.52.26:706][  0]LogEngineSessionManager: EngineSessionManager initialized
[2022.08.04-07.52.26:706][  0]LogEditorSessionSummary: Verbose: Initializing EditorSessionSummaryWriter for editor session tracking
[2022.08.04-07.52.26:708][  0]LogEditorSessionSummary: EditorSessionSummaryWriter initialized
[2022.08.04-07.52.26:726][  0]LogInit: Transaction tracking system initialized
[2022.08.04-07.52.26:744][  0]BlueprintLog: New page: Editor Load
[2022.08.04-07.52.26:795][  0]LocalizationService: Localization service is disabled
[2022.08.04-07.52.26:814][  0]TimingProfiler: Initialize
[2022.08.04-07.52.26:814][  0]TimingProfiler: OnSessionChanged
[2022.08.04-07.52.26:814][  0]LoadingProfiler: Initialize
[2022.08.04-07.52.26:814][  0]LoadingProfiler: OnSessionChanged
[2022.08.04-07.52.26:814][  0]NetworkingProfiler: Initialize
[2022.08.04-07.52.26:814][  0]NetworkingProfiler: OnSessionChanged
[2022.08.04-07.52.26:814][  0]MemoryProfiler: Initialize
[2022.08.04-07.52.26:814][  0]MemoryProfiler: OnSessionChanged
[2022.08.04-07.52.26:969][  0]LogCook: Display: CookSettings for Memory: MemoryMaxUsedVirtual 0MiB, MemoryMaxUsedPhysical 16384MiB, MemoryMinFreeVirtual 0MiB, MemoryMinFreePhysical 1024MiB
[2022.08.04-07.52.26:969][  0]LogCook: Display: Mobile HDR setting 1
[2022.08.04-07.52.26:974][  0]LogFileCache: Scanning file cache for directory 'D:/Unreal Engine 4 Project/gizlilikoyunu/Content/' took 0.00s
[2022.08.04-07.52.27:441][  0]LogInit: Display: Engine is initialized. Leaving FEngineLoop::Init()
[2022.08.04-07.52.27:443][  0]LogUnrealEdMisc: Loading editor; pre map load, took 8.137
[2022.08.04-07.52.27:443][  0]Cmd: MAP LOAD FILE="../../../../../Unreal Engine 4 Project/gizlilikoyunu/Content/StarterContent/Maps/Minimal_Default.umap" TEMPLATE=0 SHOWPROGRESS=1 FEATURELEVEL=3
[2022.08.04-07.52.27:443][  0]LightingResults: New page: Lighting Build
[2022.08.04-07.52.27:444][  0]LogWorld: UWorld::CleanupWorld for Untitled, bSessionEnded=true, bCleanupResources=true
[2022.08.04-07.52.27:445][  0]LogSlate: InvalidateAllWidgets triggered.  All widgets were invalidated
[2022.08.04-07.52.27:445][  0]MapCheck: New page: Map Check
[2022.08.04-07.52.27:445][  0]LightingResults: New page: Lighting Build
[2022.08.04-07.52.27:448][  0]LogAudio: Display: Audio Device unregistered from world 'None'.
[2022.08.04-07.52.27:452][  0]LogUObjectHash: Compacting FUObjectHashTables data took   0.91ms
[2022.08.04-07.52.28:674][  0]LogAudio: Display: Audio Device (ID: 1) registered with world 'Minimal_Default'.
[2022.08.04-07.52.28:675][  0]LogAIModule: Creating AISystem for world Minimal_Default
[2022.08.04-07.52.29:202][  0]LogEditorServer: Finished looking for orphan Actors (0.000 secs)
[2022.08.04-07.52.29:253][  0]LogUObjectHash: Compacting FUObjectHashTables data took   0.95ms
[2022.08.04-07.52.29:254][  0]Cmd: MAP CHECKDEP NOCLEARLOG
[2022.08.04-07.52.29:254][  0]MapCheck: Map check complete: 0 Error(s), 0 Warning(s), took 0,111ms to complete.
[2022.08.04-07.52.29:254][  0]LogFileHelpers: Loading map 'Minimal_Default' took 1.810
[2022.08.04-07.52.29:294][  0]LogUnrealEdMisc: Total Editor Startup Time, took 9.989
[2022.08.04-07.52.29:705][  0]LogSlate: Updating window title bar state: overlay mode, drag disabled, window buttons hidden, title bar hidden
[2022.08.04-07.52.29:721][  0]LogSlate: Updating window title bar state: overlay mode, drag disabled, window buttons hidden, title bar hidden
[2022.08.04-07.52.29:730][  0]LogSlate: Updating window title bar state: overlay mode, drag disabled, window buttons hidden, title bar hidden
[2022.08.04-07.52.29:740][  0]LogSlate: Updating window title bar state: overlay mode, drag disabled, window buttons hidden, title bar hidden
[2022.08.04-07.52.29:940][  0]LogNativeClassHierarchy: Verbose: Native class hierarchy populated in 0.0095 seconds. Added 4202 classes and 960 folders.
[2022.08.04-07.52.29:997][  0]LogNativeClassHierarchy: Verbose: Native class hierarchy updated for 'WidgetCarousel' in 0.0003 seconds. Added 0 classes and 0 folders.
[2022.08.04-07.52.30:114][  0]LogPakFile: PakFile PrimaryIndexSize=187
[2022.08.04-07.52.30:114][  0]LogPakFile: PakFile PathHashIndexSize=101
[2022.08.04-07.52.30:114][  0]LogPakFile: PakFile FullDirectoryIndexSize=148
[2022.08.04-07.52.30:114][  0]LogShaderLibrary: Display: ShaderCodeLibraryPakFileMountedCallback: PakFile 'D:/Unreal Engine 4/UE_4.27/FeaturePacks/FP_FirstPerson.upack' (chunk index -1, root 'root:/') mounted
[2022.08.04-07.52.30:114][  0]LogShaderLibrary: Display: ShaderCodeLibraryPakFileMountedCallback: pending pak file info (ChunkID:-1 Root:root:/ File:D:/Unreal Engine 4/UE_4.27/FeaturePacks/FP_FirstPerson.upack)
[2022.08.04-07.52.30:114][  0]LogPakFile: OnPakFileMounted2Time == 0.000051
[2022.08.04-07.52.30:134][  0]LogPakFile: PakFile PrimaryIndexSize=189
[2022.08.04-07.52.30:134][  0]LogPakFile: PakFile PathHashIndexSize=101
[2022.08.04-07.52.30:134][  0]LogPakFile: PakFile FullDirectoryIndexSize=152
[2022.08.04-07.52.30:134][  0]LogShaderLibrary: Display: ShaderCodeLibraryPakFileMountedCallback: PakFile 'D:/Unreal Engine 4/UE_4.27/FeaturePacks/FP_FirstPersonBP.upack' (chunk index -1, root 'root:/') mounted
[2022.08.04-07.52.30:134][  0]LogShaderLibrary: Display: ShaderCodeLibraryPakFileMountedCallback: pending pak file info (ChunkID:-1 Root:root:/ File:D:/Unreal Engine 4/UE_4.27/FeaturePacks/FP_FirstPersonBP.upack)
[2022.08.04-07.52.30:134][  0]LogPakFile: OnPakFileMounted2Time == 0.000048
[2022.08.04-07.52.30:170][  0]LogPakFile: PakFile PrimaryIndexSize=191
[2022.08.04-07.52.30:170][  0]LogPakFile: PakFile PathHashIndexSize=101
[2022.08.04-07.52.30:170][  0]LogPakFile: PakFile FullDirectoryIndexSize=160
[2022.08.04-07.52.30:170][  0]LogShaderLibrary: Display: ShaderCodeLibraryPakFileMountedCallback: PakFile 'D:/Unreal Engine 4/UE_4.27/FeaturePacks/MobileStarterContent.upack' (chunk index -1, root 'root:/') mounted
[2022.08.04-07.52.30:170][  0]LogShaderLibrary: Display: ShaderCodeLibraryPakFileMountedCallback: pending pak file info (ChunkID:-1 Root:root:/ File:D:/Unreal Engine 4/UE_4.27/FeaturePacks/MobileStarterContent.upack)
[2022.08.04-07.52.30:170][  0]LogPakFile: OnPakFileMounted2Time == 0.000039
[2022.08.04-07.52.30:191][  0]LogPakFile: PakFile PrimaryIndexSize=185
[2022.08.04-07.52.30:191][  0]LogPakFile: PakFile PathHashIndexSize=101
[2022.08.04-07.52.30:191][  0]LogPakFile: PakFile FullDirectoryIndexSize=148
[2022.08.04-07.52.30:191][  0]LogShaderLibrary: Display: ShaderCodeLibraryPakFileMountedCallback: PakFile 'D:/Unreal Engine 4/UE_4.27/FeaturePacks/StarterContent.upack' (chunk index -1, root 'root:/') mounted
[2022.08.04-07.52.30:191][  0]LogShaderLibrary: Display: ShaderCodeLibraryPakFileMountedCallback: pending pak file info (ChunkID:-1 Root:root:/ File:D:/Unreal Engine 4/UE_4.27/FeaturePacks/StarterContent.upack)
[2022.08.04-07.52.30:191][  0]LogPakFile: OnPakFileMounted2Time == 0.000042
[2022.08.04-07.52.30:211][  0]LogPakFile: PakFile PrimaryIndexSize=190
[2022.08.04-07.52.30:211][  0]LogPakFile: PakFile PathHashIndexSize=101
[2022.08.04-07.52.30:211][  0]LogPakFile: PakFile FullDirectoryIndexSize=154
[2022.08.04-07.52.30:211][  0]LogShaderLibrary: Display: ShaderCodeLibraryPakFileMountedCallback: PakFile 'D:/Unreal Engine 4/UE_4.27/FeaturePacks/TP_2DSideScroller.upack' (chunk index -1, root 'root:/') mounted
[2022.08.04-07.52.30:211][  0]LogShaderLibrary: Display: ShaderCodeLibraryPakFileMountedCallback: pending pak file info (ChunkID:-1 Root:root:/ File:D:/Unreal Engine 4/UE_4.27/FeaturePacks/TP_2DSideScroller.upack)
[2022.08.04-07.52.30:211][  0]LogPakFile: OnPakFileMounted2Time == 0.000039
[2022.08.04-07.52.30:220][  0]LogPakFile: PakFile PrimaryIndexSize=192
[2022.08.04-07.52.30:220][  0]LogPakFile: PakFile PathHashIndexSize=101
[2022.08.04-07.52.30:220][  0]LogPakFile: PakFile FullDirectoryIndexSize=158
[2022.08.04-07.52.30:220][  0]LogShaderLibrary: Display: ShaderCodeLibraryPakFileMountedCallback: PakFile 'D:/Unreal Engine 4/UE_4.27/FeaturePacks/TP_2DSideScrollerBP.upack' (chunk index -1, root 'root:/') mounted
[2022.08.04-07.52.30:220][  0]LogShaderLibrary: Display: ShaderCodeLibraryPakFileMountedCallback: pending pak file info (ChunkID:-1 Root:root:/ File:D:/Unreal Engine 4/UE_4.27/FeaturePacks/TP_2DSideScrollerBP.upack)
[2022.08.04-07.52.30:220][  0]LogPakFile: OnPakFileMounted2Time == 0.000046
[2022.08.04-07.52.30:223][  0]LogPakFile: PakFile PrimaryIndexSize=182
[2022.08.04-07.52.30:223][  0]LogPakFile: PakFile PathHashIndexSize=101
[2022.08.04-07.52.30:223][  0]LogPakFile: PakFile FullDirectoryIndexSize=138
[2022.08.04-07.52.30:223][  0]LogShaderLibrary: Display: ShaderCodeLibraryPakFileMountedCallback: PakFile 'D:/Unreal Engine 4/UE_4.27/FeaturePacks/TP_Flying.upack' (chunk index -1, root 'root:/') mounted
[2022.08.04-07.52.30:223][  0]LogShaderLibrary: Display: ShaderCodeLibraryPakFileMountedCallback: pending pak file info (ChunkID:-1 Root:root:/ File:D:/Unreal Engine 4/UE_4.27/FeaturePacks/TP_Flying.upack)
[2022.08.04-07.52.30:223][  0]LogPakFile: OnPakFileMounted2Time == 0.000044
[2022.08.04-07.52.30:231][  0]LogPakFile: PakFile PrimaryIndexSize=184
[2022.08.04-07.52.30:231][  0]LogPakFile: PakFile PathHashIndexSize=101
[2022.08.04-07.52.30:231][  0]LogPakFile: PakFile FullDirectoryIndexSize=142
[2022.08.04-07.52.30:231][  0]LogShaderLibrary: Display: ShaderCodeLibraryPakFileMountedCallback: PakFile 'D:/Unreal Engine 4/UE_4.27/FeaturePacks/TP_FlyingBP.upack' (chunk index -1, root 'root:/') mounted
[2022.08.04-07.52.30:231][  0]LogShaderLibrary: Display: ShaderCodeLibraryPakFileMountedCallback: pending pak file info (ChunkID:-1 Root:root:/ File:D:/Unreal Engine 4/UE_4.27/FeaturePacks/TP_FlyingBP.upack)
[2022.08.04-07.52.30:232][  0]LogPakFile: OnPakFileMounted2Time == 0.000038
[2022.08.04-07.52.30:240][  0]LogPakFile: PakFile PrimaryIndexSize=188
[2022.08.04-07.52.30:240][  0]LogPakFile: PakFile PathHashIndexSize=101
[2022.08.04-07.52.30:240][  0]LogPakFile: PakFile FullDirectoryIndexSize=150
[2022.08.04-07.52.30:240][  0]LogShaderLibrary: Display: ShaderCodeLibraryPakFileMountedCallback: PakFile 'D:/Unreal Engine 4/UE_4.27/FeaturePacks/TP_HandheldARBP.upack' (chunk index -1, root 'root:/') mounted
[2022.08.04-07.52.30:240][  0]LogShaderLibrary: Display: ShaderCodeLibraryPakFileMountedCallback: pending pak file info (ChunkID:-1 Root:root:/ File:D:/Unreal Engine 4/UE_4.27/FeaturePacks/TP_HandheldARBP.upack)
[2022.08.04-07.52.30:240][  0]LogPakFile: OnPakFileMounted2Time == 0.000041
[2022.08.04-07.52.30:249][  0]LogPakFile: PakFile PrimaryIndexSize=182
[2022.08.04-07.52.30:249][  0]LogPakFile: PakFile PathHashIndexSize=101
[2022.08.04-07.52.30:249][  0]LogPakFile: PakFile FullDirectoryIndexSize=138
[2022.08.04-07.52.30:249][  0]LogShaderLibrary: Display: ShaderCodeLibraryPakFileMountedCallback: PakFile 'D:/Unreal Engine 4/UE_4.27/FeaturePacks/TP_Puzzle.upack' (chunk index -1, root 'root:/') mounted
[2022.08.04-07.52.30:249][  0]LogShaderLibrary: Display: ShaderCodeLibraryPakFileMountedCallback: pending pak file info (ChunkID:-1 Root:root:/ File:D:/Unreal Engine 4/UE_4.27/FeaturePacks/TP_Puzzle.upack)
[2022.08.04-07.52.30:249][  0]LogPakFile: OnPakFileMounted2Time == 0.000040
[2022.08.04-07.52.30:261][  0]LogPakFile: PakFile PrimaryIndexSize=184
[2022.08.04-07.52.30:261][  0]LogPakFile: PakFile PathHashIndexSize=101
[2022.08.04-07.52.30:261][  0]LogPakFile: PakFile FullDirectoryIndexSize=142
[2022.08.04-07.52.30:261][  0]LogShaderLibrary: Display: ShaderCodeLibraryPakFileMountedCallback: PakFile 'D:/Unreal Engine 4/UE_4.27/FeaturePacks/TP_PuzzleBP.upack' (chunk index -1, root 'root:/') mounted
[2022.08.04-07.52.30:261][  0]LogShaderLibrary: Display: ShaderCodeLibraryPakFileMountedCallback: pending pak file info (ChunkID:-1 Root:root:/ File:D:/Unreal Engine 4/UE_4.27/FeaturePacks/TP_PuzzleBP.upack)
[2022.08.04-07.52.30:261][  0]LogPakFile: OnPakFileMounted2Time == 0.000039
[2022.08.04-07.52.30:269][  0]LogPakFile: PakFile PrimaryIndexSize=183
[2022.08.04-07.52.30:270][  0]LogPakFile: PakFile PathHashIndexSize=101
[2022.08.04-07.52.30:270][  0]LogPakFile: PakFile FullDirectoryIndexSize=140
[2022.08.04-07.52.30:270][  0]LogShaderLibrary: Display: ShaderCodeLibraryPakFileMountedCallback: PakFile 'D:/Unreal Engine 4/UE_4.27/FeaturePacks/TP_Rolling.upack' (chunk index -1, root 'root:/') mounted
[2022.08.04-07.52.30:270][  0]LogShaderLibrary: Display: ShaderCodeLibraryPakFileMountedCallback: pending pak file info (ChunkID:-1 Root:root:/ File:D:/Unreal Engine 4/UE_4.27/FeaturePacks/TP_Rolling.upack)
[2022.08.04-07.52.30:270][  0]LogPakFile: OnPakFileMounted2Time == 0.000037
[2022.08.04-07.52.30:271][  0]LogPakFile: PakFile PrimaryIndexSize=185
[2022.08.04-07.52.30:271][  0]LogPakFile: PakFile PathHashIndexSize=101
[2022.08.04-07.52.30:271][  0]LogPakFile: PakFile FullDirectoryIndexSize=144
[2022.08.04-07.52.30:271][  0]LogShaderLibrary: Display: ShaderCodeLibraryPakFileMountedCallback: PakFile 'D:/Unreal Engine 4/UE_4.27/FeaturePacks/TP_RollingBP.upack' (chunk index -1, root 'root:/') mounted
[2022.08.04-07.52.30:271][  0]LogShaderLibrary: Display: ShaderCodeLibraryPakFileMountedCallback: pending pak file info (ChunkID:-1 Root:root:/ File:D:/Unreal Engine 4/UE_4.27/FeaturePacks/TP_RollingBP.upack)
[2022.08.04-07.52.30:271][  0]LogPakFile: OnPakFileMounted2Time == 0.000033
[2022.08.04-07.52.30:272][  0]LogPakFile: PakFile PrimaryIndexSize=188
[2022.08.04-07.52.30:272][  0]LogPakFile: PakFile PathHashIndexSize=101
[2022.08.04-07.52.30:272][  0]LogPakFile: PakFile FullDirectoryIndexSize=150
[2022.08.04-07.52.30:272][  0]LogShaderLibrary: Display: ShaderCodeLibraryPakFileMountedCallback: PakFile 'D:/Unreal Engine 4/UE_4.27/FeaturePacks/TP_SideScroller.upack' (chunk index -1, root 'root:/') mounted
[2022.08.04-07.52.30:272][  0]LogShaderLibrary: Display: ShaderCodeLibraryPakFileMountedCallback: pending pak file info (ChunkID:-1 Root:root:/ File:D:/Unreal Engine 4/UE_4.27/FeaturePacks/TP_SideScroller.upack)
[2022.08.04-07.52.30:272][  0]LogPakFile: OnPakFileMounted2Time == 0.000033
[2022.08.04-07.52.30:273][  0]LogPakFile: PakFile PrimaryIndexSize=190
[2022.08.04-07.52.30:273][  0]LogPakFile: PakFile PathHashIndexSize=101
[2022.08.04-07.52.30:273][  0]LogPakFile: PakFile FullDirectoryIndexSize=154
[2022.08.04-07.52.30:273][  0]LogShaderLibrary: Display: ShaderCodeLibraryPakFileMountedCallback: PakFile 'D:/Unreal Engine 4/UE_4.27/FeaturePacks/TP_SideScrollerBP.upack' (chunk index -1, root 'root:/') mounted
[2022.08.04-07.52.30:273][  0]LogShaderLibrary: Display: ShaderCodeLibraryPakFileMountedCallback: pending pak file info (ChunkID:-1 Root:root:/ File:D:/Unreal Engine 4/UE_4.27/FeaturePacks/TP_SideScrollerBP.upack)
[2022.08.04-07.52.30:273][  0]LogPakFile: OnPakFileMounted2Time == 0.000035
[2022.08.04-07.52.30:275][  0]LogPakFile: PakFile PrimaryIndexSize=187
[2022.08.04-07.52.30:275][  0]LogPakFile: PakFile PathHashIndexSize=101
[2022.08.04-07.52.30:275][  0]LogPakFile: PakFile FullDirectoryIndexSize=148
[2022.08.04-07.52.30:275][  0]LogShaderLibrary: Display: ShaderCodeLibraryPakFileMountedCallback: PakFile 'D:/Unreal Engine 4/UE_4.27/FeaturePacks/TP_ThirdPerson.upack' (chunk index -1, root 'root:/') mounted
[2022.08.04-07.52.30:275][  0]LogShaderLibrary: Display: ShaderCodeLibraryPakFileMountedCallback: pending pak file info (ChunkID:-1 Root:root:/ File:D:/Unreal Engine 4/UE_4.27/FeaturePacks/TP_ThirdPerson.upack)
[2022.08.04-07.52.30:275][  0]LogPakFile: OnPakFileMounted2Time == 0.000034
[2022.08.04-07.52.30:276][  0]LogPakFile: PakFile PrimaryIndexSize=189
[2022.08.04-07.52.30:276][  0]LogPakFile: PakFile PathHashIndexSize=101
[2022.08.04-07.52.30:276][  0]LogPakFile: PakFile FullDirectoryIndexSize=152
[2022.08.04-07.52.30:276][  0]LogShaderLibrary: Display: ShaderCodeLibraryPakFileMountedCallback: PakFile 'D:/Unreal Engine 4/UE_4.27/FeaturePacks/TP_ThirdPersonBP.upack' (chunk index -1, root 'root:/') mounted
[2022.08.04-07.52.30:276][  0]LogShaderLibrary: Display: ShaderCodeLibraryPakFileMountedCallback: pending pak file info (ChunkID:-1 Root:root:/ File:D:/Unreal Engine 4/UE_4.27/FeaturePacks/TP_ThirdPersonBP.upack)
[2022.08.04-07.52.30:276][  0]LogPakFile: OnPakFileMounted2Time == 0.000032
[2022.08.04-07.52.30:277][  0]LogPakFile: PakFile PrimaryIndexSize=183
[2022.08.04-07.52.30:277][  0]LogPakFile: PakFile PathHashIndexSize=101
[2022.08.04-07.52.30:277][  0]LogPakFile: PakFile FullDirectoryIndexSize=140
[2022.08.04-07.52.30:277][  0]LogShaderLibrary: Display: ShaderCodeLibraryPakFileMountedCallback: PakFile 'D:/Unreal Engine 4/UE_4.27/FeaturePacks/TP_TopDown.upack' (chunk index -1, root 'root:/') mounted
[2022.08.04-07.52.30:277][  0]LogShaderLibrary: Display: ShaderCodeLibraryPakFileMountedCallback: pending pak file info (ChunkID:-1 Root:root:/ File:D:/Unreal Engine 4/UE_4.27/FeaturePacks/TP_TopDown.upack)
[2022.08.04-07.52.30:277][  0]LogPakFile: OnPakFileMounted2Time == 0.000040
[2022.08.04-07.52.30:278][  0]LogPakFile: PakFile PrimaryIndexSize=185
[2022.08.04-07.52.30:278][  0]LogPakFile: PakFile PathHashIndexSize=101
[2022.08.04-07.52.30:278][  0]LogPakFile: PakFile FullDirectoryIndexSize=144
[2022.08.04-07.52.30:278][  0]LogShaderLibrary: Display: ShaderCodeLibraryPakFileMountedCallback: PakFile 'D:/Unreal Engine 4/UE_4.27/FeaturePacks/TP_TopDownBP.upack' (chunk index -1, root 'root:/') mounted
[2022.08.04-07.52.30:278][  0]LogShaderLibrary: Display: ShaderCodeLibraryPakFileMountedCallback: pending pak file info (ChunkID:-1 Root:root:/ File:D:/Unreal Engine 4/UE_4.27/FeaturePacks/TP_TopDownBP.upack)
[2022.08.04-07.52.30:278][  0]LogPakFile: OnPakFileMounted2Time == 0.000032
[2022.08.04-07.52.30:279][  0]LogPakFile: PakFile PrimaryIndexSize=185
[2022.08.04-07.52.30:279][  0]LogPakFile: PakFile PathHashIndexSize=101
[2022.08.04-07.52.30:279][  0]LogPakFile: PakFile FullDirectoryIndexSize=144
[2022.08.04-07.52.30:279][  0]LogShaderLibrary: Display: ShaderCodeLibraryPakFileMountedCallback: PakFile 'D:/Unreal Engine 4/UE_4.27/FeaturePacks/TP_TwinStick.upack' (chunk index -1, root 'root:/') mounted
[2022.08.04-07.52.30:279][  0]LogShaderLibrary: Display: ShaderCodeLibraryPakFileMountedCallback: pending pak file info (ChunkID:-1 Root:root:/ File:D:/Unreal Engine 4/UE_4.27/FeaturePacks/TP_TwinStick.upack)
[2022.08.04-07.52.30:279][  0]LogPakFile: OnPakFileMounted2Time == 0.000035
[2022.08.04-07.52.30:280][  0]LogPakFile: PakFile PrimaryIndexSize=187
[2022.08.04-07.52.30:280][  0]LogPakFile: PakFile PathHashIndexSize=101
[2022.08.04-07.52.30:280][  0]LogPakFile: PakFile FullDirectoryIndexSize=148
[2022.08.04-07.52.30:280][  0]LogShaderLibrary: Display: ShaderCodeLibraryPakFileMountedCallback: PakFile 'D:/Unreal Engine 4/UE_4.27/FeaturePacks/TP_TwinStickBP.upack' (chunk index -1, root 'root:/') mounted
[2022.08.04-07.52.30:280][  0]LogShaderLibrary: Display: ShaderCodeLibraryPakFileMountedCallback: pending pak file info (ChunkID:-1 Root:root:/ File:D:/Unreal Engine 4/UE_4.27/FeaturePacks/TP_TwinStickBP.upack)
[2022.08.04-07.52.30:280][  0]LogPakFile: OnPakFileMounted2Time == 0.000032
[2022.08.04-07.52.30:294][  0]LogPakFile: PakFile PrimaryIndexSize=183
[2022.08.04-07.52.30:294][  0]LogPakFile: PakFile PathHashIndexSize=101
[2022.08.04-07.52.30:294][  0]LogPakFile: PakFile FullDirectoryIndexSize=140
[2022.08.04-07.52.30:294][  0]LogShaderLibrary: Display: ShaderCodeLibraryPakFileMountedCallback: PakFile 'D:/Unreal Engine 4/UE_4.27/FeaturePacks/TP_Vehicle.upack' (chunk index -1, root 'root:/') mounted
[2022.08.04-07.52.30:294][  0]LogShaderLibrary: Display: ShaderCodeLibraryPakFileMountedCallback: pending pak file info (ChunkID:-1 Root:root:/ File:D:/Unreal Engine 4/UE_4.27/FeaturePacks/TP_Vehicle.upack)
[2022.08.04-07.52.30:294][  0]LogPakFile: OnPakFileMounted2Time == 0.000040
[2022.08.04-07.52.30:303][  0]LogPakFile: PakFile PrimaryIndexSize=186
[2022.08.04-07.52.30:303][  0]LogPakFile: PakFile PathHashIndexSize=101
[2022.08.04-07.52.30:303][  0]LogPakFile: PakFile FullDirectoryIndexSize=146
[2022.08.04-07.52.30:303][  0]LogShaderLibrary: Display: ShaderCodeLibraryPakFileMountedCallback: PakFile 'D:/Unreal Engine 4/UE_4.27/FeaturePacks/TP_VehicleAdv.upack' (chunk index -1, root 'root:/') mounted
[2022.08.04-07.52.30:303][  0]LogShaderLibrary: Display: ShaderCodeLibraryPakFileMountedCallback: pending pak file info (ChunkID:-1 Root:root:/ File:D:/Unreal Engine 4/UE_4.27/FeaturePacks/TP_VehicleAdv.upack)
[2022.08.04-07.52.30:303][  0]LogPakFile: OnPakFileMounted2Time == 0.000039
[2022.08.04-07.52.30:304][  0]LogPakFile: PakFile PrimaryIndexSize=188
[2022.08.04-07.52.30:304][  0]LogPakFile: PakFile PathHashIndexSize=101
[2022.08.04-07.52.30:304][  0]LogPakFile: PakFile FullDirectoryIndexSize=150
[2022.08.04-07.52.30:304][  0]LogShaderLibrary: Display: ShaderCodeLibraryPakFileMountedCallback: PakFile 'D:/Unreal Engine 4/UE_4.27/FeaturePacks/TP_VehicleAdvBP.upack' (chunk index -1, root 'root:/') mounted
[2022.08.04-07.52.30:304][  0]LogShaderLibrary: Display: ShaderCodeLibraryPakFileMountedCallback: pending pak file info (ChunkID:-1 Root:root:/ File:D:/Unreal Engine 4/UE_4.27/FeaturePacks/TP_VehicleAdvBP.upack)
[2022.08.04-07.52.30:304][  0]LogPakFile: OnPakFileMounted2Time == 0.000034
[2022.08.04-07.52.30:324][  0]LogPakFile: PakFile PrimaryIndexSize=185
[2022.08.04-07.52.30:324][  0]LogPakFile: PakFile PathHashIndexSize=101
[2022.08.04-07.52.30:324][  0]LogPakFile: PakFile FullDirectoryIndexSize=144
[2022.08.04-07.52.30:324][  0]LogShaderLibrary: Display: ShaderCodeLibraryPakFileMountedCallback: PakFile 'D:/Unreal Engine 4/UE_4.27/FeaturePacks/TP_VehicleBP.upack' (chunk index -1, root 'root:/') mounted
[2022.08.04-07.52.30:324][  0]LogShaderLibrary: Display: ShaderCodeLibraryPakFileMountedCallback: pending pak file info (ChunkID:-1 Root:root:/ File:D:/Unreal Engine 4/UE_4.27/FeaturePacks/TP_VehicleBP.upack)
[2022.08.04-07.52.30:324][  0]LogPakFile: OnPakFileMounted2Time == 0.000039
[2022.08.04-07.52.30:348][  0]LogPakFile: PakFile PrimaryIndexSize=192
[2022.08.04-07.52.30:348][  0]LogPakFile: PakFile PathHashIndexSize=101
[2022.08.04-07.52.30:348][  0]LogPakFile: PakFile FullDirectoryIndexSize=158
[2022.08.04-07.52.30:348][  0]LogShaderLibrary: Display: ShaderCodeLibraryPakFileMountedCallback: PakFile 'D:/Unreal Engine 4/UE_4.27/FeaturePacks/TP_VirtualRealityBP.upack' (chunk index -1, root 'root:/') mounted
[2022.08.04-07.52.30:348][  0]LogShaderLibrary: Display: ShaderCodeLibraryPakFileMountedCallback: pending pak file info (ChunkID:-1 Root:root:/ File:D:/Unreal Engine 4/UE_4.27/FeaturePacks/TP_VirtualRealityBP.upack)
[2022.08.04-07.52.30:348][  0]LogPakFile: OnPakFileMounted2Time == 0.000040
[2022.08.04-07.52.31:170][  0]LogNativeClassHierarchy: Verbose: Native class hierarchy updated for 'AddContentDialog' in 0.0003 seconds. Added 0 classes and 0 folders.
[2022.08.04-07.52.31:231][  0]LogNativeClassHierarchy: Verbose: Native class hierarchy updated for 'SceneOutliner' in 0.0003 seconds. Added 2 classes and 0 folders.
[2022.08.04-07.52.31:617][  0]LogSlate: Took 0.000154 seconds to synchronously load lazily loaded font '../../../Engine/Content/Slate/Fonts/Roboto-Regular.ttf' (155K)
[2022.08.04-07.52.31:625][  0]LogSlate: Took 0.008197 seconds to synchronously load lazily loaded font '../../../Engine/Content/Editor/Slate/Fonts/FontAwesome.ttf' (139K)
[2022.08.04-07.52.31:635][  0]LogSlate: Took 0.000126 seconds to synchronously load lazily loaded font '../../../Engine/Content/Slate/Fonts/Roboto-Bold.ttf' (160K)
[2022.08.04-07.52.31:925][  0]LogRenderer: Reallocating scene render targets to support 1208x572 Format 9 NumSamples 1 (Frame:1).
[2022.08.04-07.52.32:429][  0]LogNativeClassHierarchy: Verbose: Native class hierarchy updated for 'HierarchicalLODOutliner' in 0.0003 seconds. Added 0 classes and 0 folders.
[2022.08.04-07.52.32:430][  0]LogLoad: (Engine Initialization) Total time: 13.12 seconds
[2022.08.04-07.52.32:430][  0]LogLoad: (Engine Initialization) Total Blueprint compile time: 0.00 seconds
[2022.08.04-07.52.32:566][  0]LogAssetRegistry: Asset discovery search completed in 9.8847 seconds
[2022.08.04-07.52.32:571][  0]LogCollectionManager: Fixed up redirectors for 0 collections in 0.000003 seconds (updated 0 objects)
[2022.08.04-07.52.32:581][  0]LogContentStreaming: Texture pool size now 800 MB
[2022.08.04-07.52.33:150][  2]LogSlate: Took 0.007740 seconds to synchronously load lazily loaded font '../../../Engine/Content/Slate/Fonts/Roboto-Light.ttf' (167K)
